              +   Started the script at 2025-03-07 13:32:30
              +++ PSScriptRoot: C:\Users\joshu\Desktop\CoreCycler\Testing\CoreCycler_Lux
              +++ The initial log level: 2
              +++ Starting the main functionality block
              +++ Disabled the close button
              +++ Trying to get the initial update check settings
              +++ Custom config file: C:\Users\joshu\Desktop\CoreCycler\Testing\CoreCycler_Lux\
              +++ C:\Users\joshu\Desktop\CoreCycler\Testing\CoreCycler_Lux\ not found, using the values from the config.ini
              +++ Initial Update Check Enabled:   True
              +++ Initial Update Check Frequency: 168
              +++ Update check is enabled, initializing the background job (early start)
              +++ Starting the update check background job
              +++ Getting the settings
              +++ Settings parsed
              +++ 
              +++ -------------------------------- The config file -------------------------------
              +++ C:\Users\joshu\Desktop\CoreCycler\Testing\CoreCycler_Lux\config.ini
              +++ --------------------------------------------------------------------------------
              +++ 
              +++ [General]
              +++ useconfigfile = 
              +++ stresstestprogram = PRIME95
              +++ runtimepercore = auto
              +++ suspendperiodically = 1
              +++ coretestorder = 4
              +++ skipcoreonerror = 1
              +++ stoponerror = 0
              +++ numberofthreads = 2
              +++ assignbothvirtualcoresforsinglethread = 1
              +++ maxiterations = 5
              +++ corestoignore = 
              +++ restarttestprogramforeachcore = 0
              +++ delaybetweencores = 15
              +++ beeponerror = 1
              +++ flashonerror = 1
              +++ lookforwheaerrors = 1
              +++ treatwheawarningaserror = 1
              +++ 
              +++ [Prime95]
              +++ mode = SSE
              +++ fftsize = Huge
              +++ 
              +++ [yCruncher]
              +++ mode = 19-ZN2 ~ Kagari
              +++ tests = SFTv4, FFTv4
              +++ testduration = 775
              +++ memory = Default
              +++ enableycruncherloggingwrapper = 1
              +++ 
              +++ [Aida64]
              +++ mode = CACHE
              +++ useavx = 0
              +++ maxmemory = 90
              +++ 
              +++ [Linpack]
              +++ version = 2018
              +++ mode = MEDIUM
              +++ memory = 2GB
              +++ 
              +++ [AutomaticTestMode]
              +++ enableautomaticadjustment = 0
              +++ startvalues = Default
              +++ maxvalue = 5
              +++ incrementby = 1
              +++ repeatcoreonerror = 0
              +++ enableresumeafterunexpectedexit = 0
              +++ 
              +++ [Logging]
              +++ name = CoreCycler
              +++ loglevel = 2
              +++ usewindowseventlog = 1
              +++ flushdiskwritecache = 0
              +++ 
              +++ [Update]
              +++ enableupdatecheck = 1
              +++ updatecheckfrequency = 168
              +++ 
              +++ [Prime95Custom]
              +++ cpusupportsavx = 0
              +++ cpusupportsavx2 = 0
              +++ cpusupportsfma3 = 0
              +++ cpusupportsavx512 = 0
              +++ mintorturefft = 4
              +++ maxtorturefft = 8192
              +++ torturemem = 0
              +++ torturetime = 1
              +++ 
              +++ [Debug]
              +++ disablecpuutilizationcheck = 0
              +++ usewindowsperformancecountersforcpuutilization = 0
              +++ enablecpufrequencycheck = 0
              +++ tickinterval = 10
              +++ delayfirsterrorcheck = 0
              +++ stresstestprogrampriority = Normal
              +++ stresstestprogramwindowtoforeground = 0
              +++ suspensiontime = 1000
              +++ modetouseforsuspension = Threads
              +++ 
              +++ 
              +++ 
              +++ 
              +++ ------------------------------ The parsed settings -----------------------------
              +++ [No Section] mode = SSE
              +++ 
              +++ [Logging] useWindowsEventLog = 1
              +++ [Logging] flushDiskWriteCache = 0
              +++ [Logging] name = CoreCycler
              +++ [Logging] logLevel = 2
              +++ 
              +++ [Aida64] useAVX = 0
              +++ [Aida64] mode = CACHE
              +++ [Aida64] maxMemory = 90
              +++ 
              +++ [Update] enableUpdateCheck = 1
              +++ [Update] updateCheckFrequency = 168
              +++ 
              +++ [Debug] stressTestProgramWindowToForeground = 0
              +++ [Debug] delayFirstErrorCheck = 0
              +++ [Debug] disableCpuUtilizationCheck = 0
              +++ [Debug] modeToUseForSuspension = threads
              +++ [Debug] tickInterval = 10
              +++ [Debug] useWindowsPerformanceCountersForCpuUtilization = 0
              +++ [Debug] enableCpuFrequencyCheck = 0
              +++ [Debug] stressTestProgramPriority = Normal
              +++ [Debug] suspensionTime = 1000
              +++ 
              +++ [yCruncher] mode = 19-ZN2 ~ Kagari
              +++ [yCruncher] enableYCruncherLoggingWrapper = 1
              +++ [yCruncher] testDuration = 775
              +++ [yCruncher] memory = default
              +++ [yCruncher] tests = SFTv4 FFTv4
              +++ 
              +++ [Prime95Custom] MinTortureFFT = 4
              +++ [Prime95Custom] TortureTime = 1
              +++ [Prime95Custom] TortureMem = 0
              +++ [Prime95Custom] CpuSupportsAVX = 0
              +++ [Prime95Custom] CpuSupportsFMA3 = 0
              +++ [Prime95Custom] MaxTortureFFT = 8192
              +++ [Prime95Custom] CpuSupportsAVX512 = 0
              +++ [Prime95Custom] CpuSupportsAVX2 = 0
              +++ 
              +++ [AutomaticTestMode] repeatCoreOnError = 0
              +++ [AutomaticTestMode] enableAutomaticAdjustment = 0
              +++ [AutomaticTestMode] maxValue = 5
              +++ [AutomaticTestMode] enableResumeAfterUnexpectedExit = 0
              +++ [AutomaticTestMode] incrementBy = 1
              +++ [AutomaticTestMode] startValues = default
              +++ 
              +++ [Prime95] FFTSize = Huge
              +++ [Prime95] mode = SSE
              +++ 
              +++ [Linpack] memory = 2gb
              +++ [Linpack] version = 2018
              +++ [Linpack] mode = MEDIUM
              +++ 
              +++ [General] runtimePerCore = auto
              +++ [General] coresToIgnore = 
              +++ [General] maxIterations = 5
              +++ [General] assignBothVirtualCoresForSingleThread = 1
              +++ [General] useConfigFile = 
              +++ [General] flashOnError = 1
              +++ [General] skipCoreOnError = 1
              +++ [General] restartTestProgramForEachCore = 0
              +++ [General] treatWheaWarningAsError = 1
              +++ [General] stopOnError = 0
              +++ [General] numberOfThreads = 2
              +++ [General] delayBetweenCores = 15
              +++ [General] stressTestProgram = prime95
              +++ [General] lookForWheaErrors = 1
              +++ [General] suspendPeriodically = 1
              +++ [General] coreTestOrder = 4
              +++ [General] beepOnError = 1
              +++ 
              +++ --------------------------------------------------------------------------------
              +++ 
              +   
              +   Operating System:
              +   OS:          Microsoft Windows 11 Pro
              +   Version:     10.0.26100
              +   BuildNumber: 26100
              +   CSDVersion:  
              +   CodeSet:     1252
              +   CountryCode: 1
              +   OSLanguage:  1033
              +   Locale:      0409 (hex -> int -> 1033)
              +   Locale Name: English (United States) (en-US)
              +   Free Memory: 26435 MB
              +   Script Root: C:\Users\joshu\Desktop\CoreCycler\Testing\CoreCycler_Lux
              +   
              +   APIC IDs:
              +   CPU  0:  ACPI ID =  0  -> Core  0 (SMT On)
              +   CPU  1:  ACPI ID =  1  -> Core  0 (SMT On)
              +   CPU  2:  ACPI ID =  2  -> Core  1 (SMT On)
              +   CPU  3:  ACPI ID =  3  -> Core  1 (SMT On)
              +   CPU  4:  ACPI ID =  4  -> Core  2 (SMT On)
              +   CPU  5:  ACPI ID =  5  -> Core  2 (SMT On)
              +   CPU  6:  ACPI ID =  6  -> Core  3 (SMT On)
              +   CPU  7:  ACPI ID =  7  -> Core  3 (SMT On)
              +   CPU  8:  ACPI ID =  8  -> Core  4 (SMT On)
              +   CPU  9:  ACPI ID =  9  -> Core  4 (SMT On)
              +   CPU 10:  ACPI ID = 10  -> Core  5 (SMT On)
              +   CPU 11:  ACPI ID = 11  -> Core  5 (SMT On)
              +   CPU 12:  ACPI ID = 12  -> Core  6 (SMT On)
              +   CPU 13:  ACPI ID = 13  -> Core  6 (SMT On)
              +   CPU 14:  ACPI ID = 14  -> Core  7 (SMT On)
              +   CPU 15:  ACPI ID = 15  -> Core  7 (SMT On)
              +   CPU 16:  ACPI ID = 16  -> Core  8 (SMT On)
              +   CPU 17:  ACPI ID = 17  -> Core  8 (SMT On)
              +   CPU 18:  ACPI ID = 18  -> Core  9 (SMT On)
              +   CPU 19:  ACPI ID = 19  -> Core  9 (SMT On)
              +   CPU 20:  ACPI ID = 20  -> Core 10 (SMT On)
              +   CPU 21:  ACPI ID = 21  -> Core 10 (SMT On)
              +   CPU 22:  ACPI ID = 22  -> Core 11 (SMT On)
              +   CPU 23:  ACPI ID = 23  -> Core 11 (SMT On)
              +   CPU 24:  ACPI ID = 24  -> Core 12 (SMT On)
              +   CPU 25:  ACPI ID = 25  -> Core 12 (SMT On)
              +   CPU 26:  ACPI ID = 26  -> Core 13 (SMT On)
              +   CPU 27:  ACPI ID = 27  -> Core 13 (SMT On)
              +   CPU 28:  ACPI ID = 28  -> Core 14 (SMT On)
              +   CPU 29:  ACPI ID = 29  -> Core 14 (SMT On)
              +   CPU 30:  ACPI ID = 30  -> Core 15 (SMT On)
              +   CPU 31:  ACPI ID = 31  -> Core 15 (SMT On)
              +++ Removing the startup task "\CoreCycler\\CoreCycler AutoMode Startup Task"
              +++ Removing the .automode file
              +++ Removing the .automode file
              +++ The script process id (PID):   2256
              +++ The parent process id:         10272
              +++ The parent main window handle: 2623868
              +   Successfully created the shutdown block reason: (True)
              +   Initializing the stress test program
              +   Checking if prime95.exe exists at:
              +   C:\Users\joshu\Desktop\CoreCycler\Testing\CoreCycler_Lux\test_programs\p95\prime95.exe
              +   Checking the Prime95 version...
              +   Prime95 Version:
              +   30 19 0
              +++ isMaxPrime95_30_6:  False
              +++ isMaxPrime95_30_9:  False
              +++ isMaxPrime95_30_19: True
              +++ isNewerPrime95:     False
              +++ useOnlyPrimeTxt:    True
              +++ 
              +++ Checking the FFT Sizes to test:
              +++ FFTSizeString: HUGE
              +++ cpuTestMode:   SSE
              +++ minFFTSize:    9175040
              +++ maxFFTSize:    33554432
              +++ startKey:      88
              +++ endKey:        117
              +++ The selected fftSubarray to test:
              +++ 9175040 9437184 9830400 10485760 11010048 11468800 11796480 12582912 13107200 13762560 14155776 14680064 15728640 16384000 16777216 18350080 18874368 19660800 20971520 22020096 22937600 23592960 25165824 26214400 27525120 28311552 29360128 31457280 32768000 33554432
              +++ Getting the result of the update check background job
              +++ Messages from the update background job:
              +++ Checking for updates...
              +++ Started: 13:32:31
              +++ The current version string:   0.10.0.0alpha5
              +++ Int value of current version: 9999999999
              +++ Reading the .updatecheck file:
              +++ 1741303371
              +++ 9006002000
              +++ v0.9.6.2
              +++ https://github.com/sp00n/corecycler/releases/tag/v0.9.6.2
              +++ 
              +++ Last checked timestamp:   1741303371
              +++ Last checked version int: 9006002000
              +++ Last checked version str: v0.9.6.2
              +++ Last checked URL:         https://github.com/sp00n/corecycler/releases/tag/v0.9.6.2
              +++ Current timestamp:        1741354351
              +++ Time since last check:    50980s (14.161h)
              +++ Check interval:           604800s (168h)
              +++ The check interval time has not yet been exceeded, do not initiate a new online check
              +++ Not performing an online check
              +++ Background Job Started:             13:32:31
              +++ Background Job Ended:               13:32:31
              +++ Background Job Runtime:             0.0690628
              +++ Is there an update available:       False
              +++ Update Check Started (User Time):   13:32:33
              +++ Update Check Ended (User Time):     13:32:33
              +++ Update Check Runtime (User Time):   0.0150139

╔══════════════════════════════════════════════════════════════════════════════╗
╟─────────┤ CoreCycler v0.10.0.0alpha5 started at 2025-03-07 13:32:33 ├────────╢
╚══════════════════════════════════════════════════════════════════════════════╝

Log Level set to: ..................... 2 [Writing debug messages to log file]
Use the Windows Event Log: ............ ENABLED
Check for WHEA errors: ................ ENABLED
Stress test program: .................. PRIME95
Selected test mode: ................... SSE
Selected FFT size: .................... HUGE (8960K - 32768K)
Detected processor: ................... AMD Ryzen 9 5950X 16-Core Processor            
Logical/Physical cores: ............... 32 logical / 16 physical cores
Hyperthreading / SMT is: .............. ENABLED
Selected number of threads: ........... 2
Runtime per core: ..................... AUTOMATIC
Suspend periodically: ................. ENABLED
Restart for each core: ................ DISABLED
Test order of cores: .................. 4
Number of iterations: ................. 5

────────────────────────────────────────────────────────────────────────────────
The log files for this run are stored in:
C:\Users\joshu\Desktop\CoreCycler\Testing\CoreCycler_Lux\logs\
 - CoreCycler: CoreCycler_2025-03-07_13-32-30_PRIME95_SSE.log
 - Prime95:    Prime95_2025-03-07_13-32-30_SSE_HUGE_FFT_8960K-32768K.log
────────────────────────────────────────────────────────────────────────────────

              +   Checking if we need to add the Event Log Source for CoreCycler
              +++ The Event Log Source "CoreCycler" already exist, nothing to do
              +++ Adding Event Log entry: script_started
              +++ Adding the Windows Event Log entry:
              +++ [EVENTLOG] CoreCycler has started
              +++ [EVENTLOG] 
              +++ [EVENTLOG] The log files for this run are stored in:
              +++ [EVENTLOG] C:\Users\joshu\Desktop\CoreCycler\Testing\CoreCycler_Lux\logs\CoreCycler_2025-03-07_13-32-30_PRIME95_SSE.log
              +++ [EVENTLOG] C:\Users\joshu\Desktop\CoreCycler\Testing\CoreCycler_Lux\logs\Prime95_2025-03-07_13-32-30_SSE_HUGE_FFT_8960K-32768K.log
              +++ [EVENTLOG] 
              +++ [EVENTLOG] Stress test program: PRIME95
              +++ [EVENTLOG] Selected test mode: SSE
              +++ [EVENTLOG] Selected number of threads: 2
              +++ [EVENTLOG] Runtime per core: AUTOMATIC
              +++ [EVENTLOG] Suspend periodically: ENABLED
              +++ [EVENTLOG] Restart for each core: DISABLED
              +++ [EVENTLOG] Test order of cores: 4
              +++ [EVENTLOG] Number of iterations: 5
              +++ [EVENTLOG] 
              +   Starting the stress test program
              +   Starting Prime95
              +++ Trying to start the stress test with the command:
              +++ "C:\Users\joshu\Desktop\CoreCycler\Testing\CoreCycler_Lux\test_programs\p95\prime95.exe" -t
              +   Trying to get the stress test program main window handle
              +   Looking for these window names:
              +   ^Prime95 \- Torture Test$, ^Prime95 \- Self\-Test$, ^Prime95 \- Not running$, ^Prime95 \- Waiting for work$, ^Prime95$
              +   13:32:34 - Window found
              +   Found the following window(s) with these names:
              +    - WinTitle:          Prime95 - Torture Test
              +      MainWindowHandle:  8455194
              +      ProcessId:         2840
              +      Process Path:      C:\Users\joshu\Desktop\CoreCycler\Testing\CoreCycler_Lux\test_programs\p95\prime95.exe
              +      Process Path (PS): C:\Users\joshu\Desktop\CoreCycler\Testing\CoreCycler_Lux\test_programs\p95\prime95.exe
              +   Filtering the windows for ".*prime95\.exe$":
              +++ Found the following windows:
              +    - WinTitle:          Prime95 - Torture Test
              +      MainWindowHandle:  8455194
              +      ProcessId:         2840
              +      Process Path:      C:\Users\joshu\Desktop\CoreCycler\Testing\CoreCycler_Lux\test_programs\p95\prime95.exe
              +      Process Path (PS): C:\Users\joshu\Desktop\CoreCycler\Testing\CoreCycler_Lux\test_programs\p95\prime95.exe
              +   The process performing the stress test is the same as the main window
              +++ The stress test process id: 2840
              +++ The expected number of threads to find: 2
              +++ Trying to get the threads that are running the stress test
              +++ Trying to get the threads (loop: 0 - iteration: 1)
              +++ Found the expected number of threads (2 = 2)
              +   Main window handle:       8455194
              +   Main window process name: prime95
              +   Main window process ID:   2840
              +   Stress test process name: prime95
              +   Stress test process ID:   2840
              +   Stress test thread IDs:   
              +   All cores that could be tested:
              +   0, 1, 2, 3, 4, 5, 6, 7, 8, 9, 10, 11, 12, 13, 14, 15
              +   The preliminary test order:
              +   4

13:32:35 - Iteration 1
════════════════════════════════════════════════════════════════════════════════
              +++ The initial test order:
              +++ 4
              +++ The initial number of available cores:        1
              +++ The initial number of unique available cores: 1
              +   Custom test order selected, keeping the test order array...
              +   The final test order:
              +   4
              +++ The number of available cores:         1
              +++ The number of unique available cores:  1
              +++ The number of cores with an error:     0
              +++ The number of cores with a WHEA error: 0
              +++ Trying to switch to a new core (1 of 1) [index 0 of 0]
              +   Still available cores:
              +   4
              +   The selected core to test: 4
13:32:35 - Set to Core 4 (CPU 8 and 9)
              +++ Adding Event Log entry: core_started
              +++ Adding the Windows Event Log entry:
              +++ [EVENTLOG] Started testing Core 4 (CPU 8 and 9)
              +++ The number of Processor Groups:       1
              +++ The number of CPUs in the last group: 0
              +++ The group ID of the CPU to set to: 0
              +++ The number of processors in this group: 32
              +++ The IDs of the CPUs in its own group: 8 9
              +++ Calculated the group specific affinity as 256 [CPU 8, Group 0]
              +++ Calculated the group specific affinity as 512 [CPU 9, Group 0]
              +++ All calculated group specific affinities: 256 & 512
              +++ Found number of stress test threads: 2
              +++ The original affinities array: 256, 512
              +++ The final affinities array:    256, 512
              +++ Processing stress test thread number 0
              +   Trying to set the affinity for thread ID: 16020
              +   - Processor Group: 0 | Affinity: 256
              +++ Getting the thread handle for thread ID: 16020
              +++ The returned thread handle: 3848
              +++ Successfully set the group affinity for thread ID 16020 to 256 within group 0
              +++ Processing stress test thread number 1
              +   Trying to set the affinity for thread ID: 18012
              +   - Processor Group: 0 | Affinity: 512
              +++ Getting the thread handle for thread ID: 18012
              +++ The returned thread handle: 3848
              +++ Successfully set the group affinity for thread ID 18012 to 512 within group 0
           Running until all FFT sizes have been tested...
           Progress 1/1 | Iteration 1/5 | Runtime 00h 00m 04s
              +++ The number of cores with an error so far: 0
              +++ The number of cores with a WHEA error so far: 0
              +++ 
              +++ 13:32:35 - Tick 1 of max 8640
              +++            Remaining max runtime: 86400s
              +++ 13:32:44 - Suspending the stress test process for 1000 milliseconds
              +   Suspending threads for process: 2840 - prime95
              +++            ID: - 20040 ok - 4612 ok - 6604 ok - 18336 ok - 8652 ok - 19796 ok - 18012 ok - 16020 ok
              +++            Suspended: 8
              +++ 13:32:45 - Resuming the stress test process
              +   Resuming threads for process: 2840 - prime95
              +++            ID: - 20040 ok - 4612 ok - 6604 ok - 18336 ok - 8652 ok - 19796 ok - 18012 ok - 16020 ok
              +++            Resumed: 8
              +++ 13:32:46 - Getting new log file entries
              +++            The stress test log file doesn't exist yet
              +++ 13:32:46 - Automatic runtime per core selected
              +++            No new log file entries found
              +++ 13:32:46 - Checking for stress test errors
              +++            Checking the new Prime95 log entries...
              +++ 13:32:46 - Looking for new WHEA errors
              +++            Core Start Date:        3/7/2025 1:32:35 PM
              +++            Stored WHEA Error Date: 3/3/2025 3:26:08 PM
              +++            Last WHEA Error Date:   3/3/2025 3:26:08 PM
              +              No new WHEA error
              +   13:32:46 - Checking CPU usage: 219ms (expected: 200ms, lower limit: 100ms)
              +++ 
              +++ 13:32:46 - Tick 2 of max 8640
              +++            Remaining max runtime: 86389s
              +++ 13:32:55 - Suspending the stress test process for 1000 milliseconds
              +   Suspending threads for process: 2840 - prime95
              +++            ID: - 20040 ok - 4612 ok - 6604 ok - 18336 ok - 8652 ok - 19796 ok - 18012 ok - 16020 ok
              +++            Suspended: 8
              +++ 13:32:56 - Resuming the stress test process
              +   Resuming threads for process: 2840 - prime95
              +++            ID: - 20040 ok - 4612 ok - 6604 ok - 18336 ok - 8652 ok - 19796 ok - 18012 ok - 16020 ok
              +++            Resumed: 8
              +++ 13:32:57 - Getting new log file entries
              +++            The stress test log file doesn't exist yet
              +++ 13:32:57 - Automatic runtime per core selected
              +++            No new log file entries found
              +++ 13:32:57 - Checking for stress test errors
              +++            Checking the new Prime95 log entries...
              +++ 13:32:57 - Looking for new WHEA errors
              +++            Core Start Date:        3/7/2025 1:32:35 PM
              +++            Stored WHEA Error Date: 3/3/2025 3:26:08 PM
              +++            Last WHEA Error Date:   3/3/2025 3:26:08 PM
              +              No new WHEA error
              +   13:32:57 - Checking CPU usage: 219ms (expected: 200ms, lower limit: 100ms)
              +++ 
              +++ 13:32:57 - Tick 3 of max 8640
              +++            Remaining max runtime: 86377s
              +++ 
              +++ ┌─────────────────────────┐
              +++ │    THE FINALLY BLOCK    │
              +++ └─────────────────────────┘
              +++ 
              +   13:33:06 - Terminating the script...
              +   Successfully destroyed the shutdown block reason: (True)
              +++ Adding Event Log entry: script_terminated
              +++ Adding the Windows Event Log entry:
              +++ [EVENTLOG] CoreCycler was terminated
              +++ [EVENTLOG] 
              +++ [EVENTLOG] The log files for this run are stored in:
              +++ [EVENTLOG] C:\Users\joshu\Desktop\CoreCycler\Testing\CoreCycler_Lux\logs\CoreCycler_2025-03-07_13-32-30_PRIME95_SSE.log
              +++ [EVENTLOG] C:\Users\joshu\Desktop\CoreCycler\Testing\CoreCycler_Lux\logs\Prime95: Prime95_2025-03-07_13-32-30_SSE_HUGE_FFT_8960K-32768K.log
              +++ [EVENTLOG] 
              +++ [EVENTLOG] 
              +++ [EVENTLOG] Summary:
              +++ [EVENTLOG] Run time: 35 seconds
              +++ [EVENTLOG] Iterations: 1 started / 0 completed
              +++ [EVENTLOG] Tested cores: 1 cores / 1 tests
              +++ [EVENTLOG] Core 4 (1x)
              +++ [EVENTLOG] No core has thrown an error
              +++ [EVENTLOG] No WHEA errors were observed during the test
              +++ [EVENTLOG] 
              +++ Removing the startup task "\CoreCycler\\CoreCycler AutoMode Startup Task"
              +++ Removing the .automode file
13:33:06 - Terminating the script...
              +   Checking if the process is still active
              +   The stress test process is still running
              +   Checking if the process is still using CPU power
              +++ First CPU Value:  61.828125
              +++ Second CPU Value: 62.828125
              +++ Difference:       1
              +   The stress test program is still using enough CPU power, so we can try to close it
           Trying to close the stress test program...
              +   Trying to close the stress test program
              +   Trying to close Prime95
              +   Resuming threads for process: 2840 - prime95
              +++            ID: - 20040 ok - 4612 ok - 6604 ok - 18336 ok - 8652 ok - 19796 ok - 18012 ok - 16020 ok - 18056 ok - 13392 ok
              +   Trying to gracefully close Prime95
              +++ The window process main window handle: 8455194
              +++ Try 1
              +            - ... has exited: True
              +   The main window has exited
              +   The main window has truly exited
              +   Prime95 closed
Please check if the selected stress test program "Prime95" is still running!
Check for these processes:
 - prime95.exe

╔══════════════════════════════════════════════════════════════════════════════╗
╟──────────────────────────────────┤ Summary ├─────────────────────────────────╢
╚══════════════════════════════════════════════════════════════════════════════╝

Run time:     37 seconds
Iterations:   1 started / 0 completed
Tested cores: 1 cores / 1 tests
              Core 4 (1x)

────────────────────────────────────────────────────────────────────────────────

No core has thrown an error

No WHEA errors were observed during the test

────────────────────────────────────────────────────────────────────────────────

The log files for this run are stored in:
C:\Users\joshu\Desktop\CoreCycler\Testing\CoreCycler_Lux\logs\
 - CoreCycler: CoreCycler_2025-03-07_13-32-30_PRIME95_SSE.log
 - Prime95:    Prime95_2025-03-07_13-32-30_SSE_HUGE_FFT_8960K-32768K.log

