              +   Started the script at 2025-03-23 23:03:48
              +++ PSScriptRoot: C:\Users\joshu\Desktop\Lux
              +++ The initial log level: 2
              +++ Starting the main functionality block
              +++ Disabled the close button
              +++ Trying to get the initial update check settings
              +++ Custom config file: C:\Users\joshu\Desktop\Lux\
              +++ C:\Users\joshu\Desktop\Lux\ not found, using the values from the config.ini
              +++ Initial Update Check Enabled:   True
              +++ Initial Update Check Frequency: 48
              +++ Update check is enabled, initializing the background job (early start)
              +++ Starting the update check background job
              +++ Getting the settings
              +++ Settings parsed
              +++ 
              +++ -------------------------------- The config file -------------------------------
              +++ C:\Users\joshu\Desktop\Lux\config.ini
              +++ --------------------------------------------------------------------------------
              +++ 
              +++ [General]
              +++ useconfigfile = 
              +++ stresstestprogram = PRIME95
              +++ runtimepercore = auto
              +++ suspendperiodically = 1
              +++ coretestorder = Default
              +++ skipcoreonerror = 1
              +++ stoponerror = 0
              +++ numberofthreads = 2
              +++ assignbothvirtualcoresforsinglethread = 0
              +++ maxiterations = 1
              +++ corestoignore = 
              +++ restarttestprogramforeachcore = 1
              +++ delaybetweencores = 15
              +++ beeponerror = 1
              +++ flashonerror = 1
              +++ lookforwheaerrors = 1
              +++ treatwheawarningaserror = 1
              +++ 
              +++ [Prime95]
              +++ mode = SSE
              +++ fftsize = 4-1344
              +++ 
              +++ [yCruncher]
              +++ mode = 19-ZN2 ~ Kagari
              +++ tests = SFTv4, SNT
              +++ testduration = 60
              +++ memory = Default
              +++ enableycruncherloggingwrapper = 0
              +++ 
              +++ [Aida64]
              +++ mode = CACHE, CPU, FPU, RAM
              +++ useavx = 0
              +++ maxmemory = 90
              +++ 
              +++ [Linpack]
              +++ version = 2021
              +++ mode = Fast
              +++ memory = 6GB
              +++ 
              +++ [AutomaticTestMode]
              +++ enableautomaticadjustment = 1
              +++ startvalues = Default
              +++ maxvalue = 5
              +++ incrementby = 1
              +++ repeatcoreonerror = 1
              +++ enableresumeafterunexpectedexit = 1
              +++ 
              +++ [Logging]
              +++ name = CoreCycler
              +++ loglevel = 2
              +++ usewindowseventlog = 1
              +++ flushdiskwritecache = 0
              +++ 
              +++ [Update]
              +++ enableupdatecheck = 1
              +++ updatecheckfrequency = 48
              +++ 
              +++ [Prime95Custom]
              +++ cpusupportsavx = 1
              +++ cpusupportsavx2 = 1
              +++ cpusupportsfma3 = 0
              +++ cpusupportsavx512 = 0
              +++ mintorturefft = 4
              +++ maxtorturefft = 1344
              +++ torturemem = 0
              +++ torturetime = 1
              +++ 
              +++ [Debug]
              +++ disablecpuutilizationcheck = 0
              +++ usewindowsperformancecountersforcpuutilization = 0
              +++ enablecpufrequencycheck = 0
              +++ tickinterval = 10
              +++ delayfirsterrorcheck = 0
              +++ stresstestprogrampriority = Normal
              +++ stresstestprogramwindowtoforeground = 0
              +++ suspensiontime = 1000
              +++ modetouseforsuspension = Threads
              +++ 
              +++ 
              +++ 
              +++ 
              +++ ------------------------------ The parsed settings -----------------------------
              +++ [No Section] mode = SSE
              +++ 
              +++ [Logging] useWindowsEventLog = 1
              +++ [Logging] flushDiskWriteCache = 0
              +++ [Logging] name = CoreCycler
              +++ [Logging] logLevel = 2
              +++ 
              +++ [Aida64] useAVX = 0
              +++ [Aida64] mode = CACHE, CPU, FPU, RAM
              +++ [Aida64] maxMemory = 90
              +++ 
              +++ [Update] enableUpdateCheck = 1
              +++ [Update] updateCheckFrequency = 48
              +++ 
              +++ [Debug] stressTestProgramWindowToForeground = 0
              +++ [Debug] delayFirstErrorCheck = 0
              +++ [Debug] disableCpuUtilizationCheck = 0
              +++ [Debug] modeToUseForSuspension = threads
              +++ [Debug] tickInterval = 10
              +++ [Debug] useWindowsPerformanceCountersForCpuUtilization = 0
              +++ [Debug] enableCpuFrequencyCheck = 0
              +++ [Debug] stressTestProgramPriority = Normal
              +++ [Debug] suspensionTime = 1000
              +++ 
              +++ [yCruncher] mode = 19-ZN2 ~ Kagari
              +++ [yCruncher] enableYCruncherLoggingWrapper = 0
              +++ [yCruncher] testDuration = 60
              +++ [yCruncher] memory = default
              +++ [yCruncher] tests = SFTv4 SNT
              +++ 
              +++ [Prime95Custom] MinTortureFFT = 4
              +++ [Prime95Custom] TortureTime = 1
              +++ [Prime95Custom] TortureMem = 0
              +++ [Prime95Custom] CpuSupportsAVX = 1
              +++ [Prime95Custom] CpuSupportsFMA3 = 0
              +++ [Prime95Custom] MaxTortureFFT = 1344
              +++ [Prime95Custom] CpuSupportsAVX512 = 0
              +++ [Prime95Custom] CpuSupportsAVX2 = 1
              +++ 
              +++ [AutomaticTestMode] repeatCoreOnError = 1
              +++ [AutomaticTestMode] enableAutomaticAdjustment = 1
              +++ [AutomaticTestMode] maxValue = 5
              +++ [AutomaticTestMode] enableResumeAfterUnexpectedExit = 1
              +++ [AutomaticTestMode] incrementBy = 1
              +++ [AutomaticTestMode] startValues = default
              +++ 
              +++ [Prime95] FFTSize = 4-1344
              +++ [Prime95] mode = SSE
              +++ 
              +++ [Linpack] memory = 6gb
              +++ [Linpack] version = 2021
              +++ [Linpack] mode = Fast
              +++ 
              +++ [General] runtimePerCore = auto
              +++ [General] coresToIgnore = 
              +++ [General] maxIterations = 1
              +++ [General] assignBothVirtualCoresForSingleThread = 0
              +++ [General] useConfigFile = 
              +++ [General] flashOnError = 1
              +++ [General] skipCoreOnError = 1
              +++ [General] restartTestProgramForEachCore = 1
              +++ [General] treatWheaWarningAsError = 1
              +++ [General] stopOnError = 0
              +++ [General] numberOfThreads = 2
              +++ [General] delayBetweenCores = 15
              +++ [General] stressTestProgram = prime95
              +++ [General] lookForWheaErrors = 1
              +++ [General] suspendPeriodically = 1
              +++ [General] coreTestOrder = default
              +++ [General] beepOnError = 1
              +++ 
              +++ --------------------------------------------------------------------------------
              +++ 
              +   
              +   Operating System:
              +   OS:          Microsoft Windows 11 Pro
              +   Version:     10.0.26100
              +   BuildNumber: 26100
              +   CSDVersion:  
              +   CodeSet:     1252
              +   CountryCode: 1
              +   OSLanguage:  1033
              +   Locale:      0409 (hex -> int -> 1033)
              +   Locale Name: English (United States) (en-US)
              +   Free Memory: 25603 MB
              +   Script Root: C:\Users\joshu\Desktop\Lux
              +   
              +   APIC IDs:
              +   CPU  0:  ACPI ID =  0  -> Core  0 (SMT On)
              +   CPU  1:  ACPI ID =  1  -> Core  0 (SMT On)
              +   CPU  2:  ACPI ID =  2  -> Core  1 (SMT On)
              +   CPU  3:  ACPI ID =  3  -> Core  1 (SMT On)
              +   CPU  4:  ACPI ID =  4  -> Core  2 (SMT On)
              +   CPU  5:  ACPI ID =  5  -> Core  2 (SMT On)
              +   CPU  6:  ACPI ID =  6  -> Core  3 (SMT On)
              +   CPU  7:  ACPI ID =  7  -> Core  3 (SMT On)
              +   CPU  8:  ACPI ID =  8  -> Core  4 (SMT On)
              +   CPU  9:  ACPI ID =  9  -> Core  4 (SMT On)
              +   CPU 10:  ACPI ID = 10  -> Core  5 (SMT On)
              +   CPU 11:  ACPI ID = 11  -> Core  5 (SMT On)
              +   CPU 12:  ACPI ID = 12  -> Core  6 (SMT On)
              +   CPU 13:  ACPI ID = 13  -> Core  6 (SMT On)
              +   CPU 14:  ACPI ID = 14  -> Core  7 (SMT On)
              +   CPU 15:  ACPI ID = 15  -> Core  7 (SMT On)
              +   CPU 16:  ACPI ID = 16  -> Core  8 (SMT On)
              +   CPU 17:  ACPI ID = 17  -> Core  8 (SMT On)
              +   CPU 18:  ACPI ID = 18  -> Core  9 (SMT On)
              +   CPU 19:  ACPI ID = 19  -> Core  9 (SMT On)
              +   CPU 20:  ACPI ID = 20  -> Core 10 (SMT On)
              +   CPU 21:  ACPI ID = 21  -> Core 10 (SMT On)
              +   CPU 22:  ACPI ID = 22  -> Core 11 (SMT On)
              +   CPU 23:  ACPI ID = 23  -> Core 11 (SMT On)
              +   CPU 24:  ACPI ID = 24  -> Core 12 (SMT On)
              +   CPU 25:  ACPI ID = 25  -> Core 12 (SMT On)
              +   CPU 26:  ACPI ID = 26  -> Core 13 (SMT On)
              +   CPU 27:  ACPI ID = 27  -> Core 13 (SMT On)
              +   CPU 28:  ACPI ID = 28  -> Core 14 (SMT On)
              +   CPU 29:  ACPI ID = 29  -> Core 14 (SMT On)
              +   CPU 30:  ACPI ID = 30  -> Core 15 (SMT On)
              +   CPU 31:  ACPI ID = 31  -> Core 15 (SMT On)
              +++ Initializing Automatic Test Mode
              +++ Are we admin: True
              +++ We have admin rights, proceeding
              +++ The Automatic Test Mode starting values from the settings:
              +++ default
              +++ Trying to query for the Curve Optimizer values
              +++ The queried and parsed Curve Optimizer values:
              +++ 0 -15 -15 -15 3 -15 -15 -15 -15 -15 -15 -15 -15 -15 -15 -15
              +++ Trying to set the Curve Optimizer values:
              +   0 -15 -15 -15 3 -15 -15 -15 -15 -15 -15 -15 -15 -15 -15 -15
              +++ Curve Optimizer values successfuly set to:
              +++ 0 -15 -15 -15 3 -15 -15 -15 -15 -15 -15 -15 -15 -15 -15 -15
              +   Automatic Test Mode with resuming after unexpected exit enabled
              +++ Trying to add the Auto Mode startup task "\CoreCycler\\CoreCycler AutoMode Startup Task"
              +++ Added the Automatic Test Mode startup task
              +   The starting value(s):
              +   0 -15 -15 -15 3 -15 -15 -15 -15 -15 -15 -15 -15 -15 -15 -15
              +++ Removing the .automode file
              +++ The script process id (PID):   7048
              +++ The parent process id:         3004
              +++ The parent main window handle: 3278012
              +   Successfully created the shutdown block reason: (True)
              +   Initializing the stress test program
              +   Checking if prime95.exe exists at:
              +   C:\Users\joshu\Desktop\Lux\test_programs\p95\prime95.exe
              +   Checking the Prime95 version...
              +   Prime95 Version:
              +   30 19 0
              +++ isMaxPrime95_30_6:  False
              +++ isMaxPrime95_30_9:  False
              +++ isMaxPrime95_30_19: True
              +++ isNewerPrime95:     False
              +++ useOnlyPrimeTxt:    True
              +++ 
              +++ Checking the FFT Sizes to test:
              +++ FFTSizeString: 4-1344
              +++ cpuTestMode:   SSE
              +++ minFFTSize:    4096
              +++ maxFFTSize:    1376256
              +++ startKey:      0
              +++ endKey:        50
              +++ The selected fftSubarray to test:
              +++ 4096 5120 6144 8192 10240 12288 14336 16384 20480 24576 28672 32768 40960 49152 57344 65536 73728 81920 86016 98304 114688 131072 147456 163840 196608 229376 245760 262144 294912 327680 344064 393216 409600 458752 491520 524288 573440 589824 655360 688128 737280 786432 819200 917504 983040 1048576 1146880 1179648 1228800 1310720 1376256
              +++ Getting the result of the update check background job
              +++ Messages from the update background job:
              +++ Checking for updates...
              +++ Started: 23:03:49
              +++ The current version string:   0.10.0.0alpha5
              +++ Int value of current version: 9999999999
              +++ Reading the .updatecheck file:
              +++ 1742770035
              +++ 10000000000
              +++ v0.10.0.0
              +++ https://github.com/sp00n/corecycler/releases/tag/v0.10.0.0
              +++ 
              +++ Last checked timestamp:   1742770035
              +++ Last checked version int: 10000000000
              +++ Last checked version str: v0.10.0.0
              +++ Last checked URL:         https://github.com/sp00n/corecycler/releases/tag/v0.10.0.0
              +++ Current timestamp:        1742771029
              +++ Time since last check:    994s (0.276h)
              +++ Check interval:           172800s (48h)
              +++ The check interval time has not yet been exceeded, do not initiate a new online check
              +++ Not performing an online check
              +++ The stored information points to a newer version
              +++ This version: 9999999999
              +++ New version:  10000000000
              +++ Background Job Started:             23:03:49
              +++ Background Job Ended:               23:03:49
              +++ Background Job Runtime:             0.0705231
              +++ Is there an update available:       True
              +++ Update Check Started (User Time):   23:03:51
              +++ Update Check Ended (User Time):     23:03:51
              +++ Update Check Runtime (User Time):   0.0170672

╔══════════════════════════════════════════════════════════════════════════════╗
╟─────────┤ CoreCycler v0.10.0.0alpha5 started at 2025-03-23 23:03:51 ├────────╢
╚══════════════════════════════════════════════════════════════════════════════╝

Log Level set to: ..................... 2 [Writing debug messages to log file]
Use the Windows Event Log: ............ ENABLED
Check for WHEA errors: ................ ENABLED
Stress test program: .................. PRIME95
Selected test mode: ................... SSE
Selected FFT size: .................... 4-1344 (4K - 1344K)
Detected processor: ................... AMD Ryzen 9 5950X 16-Core Processor            
Logical/Physical cores: ............... 32 logical / 16 physical cores
Hyperthreading / SMT is: .............. ENABLED
Selected number of threads: ........... 2
Runtime per core: ..................... AUTOMATIC
Suspend periodically: ................. ENABLED
Restart for each core: ................ ENABLED
Test order of cores: .................. DEFAULT (ALTERNATE)
Number of iterations: ................. 1
Automatic Test Mode with resume: ...... ENABLED
Starting Curve Optimizer values: ...... 0, -15, -15, -15, 3, -15, -15, -15, -15, -15, -15, -15, -15, -15, -15, -15

────────────────────────────────────────────────────────────────────────────────
The log files for this run are stored in:
C:\Users\joshu\Desktop\Lux\logs\
 - CoreCycler: CoreCycler_2025-03-23_23-03-48_PRIME95_SSE.log
 - Prime95:    Prime95_2025-03-23_23-03-48_SSE_4-1344_FFT_4K-1344K.log
────────────────────────────────────────────────────────────────────────────────



┌─────────────────────────────────┤ IMPORTANT ├────────────────────────────────┐
│ You have enabled the Automatic Test Mode with resume after reboot.           │
│ This creates a Scheduled Task that is scheduled to run at the next logon,    │
│ which will automatically resume the test process after a reboot / crash.     │
│                                                                              │
│ In order to prevent the script from being started during a "regular" reboot, │
│ please abort the CoreCycler script only by using CTRL+C (or by letting it    │
│ finish on its own).                                                          │
│ Do NOT just close the window before the script has had a chance to exit,     │
│ otherwise the Scheduled Task will not be deleted!                            │
│                                                                              │
│ The name of the Scheduled Task is:                                           │
│ "CoreCycler AutoMode Startup Task" and can be found within the               │
│ "\CoreCycler\" folder of the Task Scheduler Library.                         │
└──────────────────────────────────────────────────────────────────────────────┘

┌──────────────────────────────────────────────────────────────────────────────┐
│ Please note that the Curve Optimizer / voltage adjustments made here are not │
│ permanent and will be reverted once you restart the computer.                │
│ So once you've found your final settings, you should add them to your BIOS.  │
└──────────────────────────────────────────────────────────────────────────────┘




┌─────────────────────────────┤ UPDATE AVAILABLE ├─────────────────────────────┐
│ There's an update available for CoreCycler!                                  │
│ Your current version: v0.10.0.0alpha5                                        │
│ The latest version:   v0.10.0.0                                              │
│ You can find the new version here:                                           │
│ https://github.com/sp00n/corecycler/releases/tag/v0.10.0.0                   │
└──────────────────────────────────────────────────────────────────────────────┘


              +   Checking if we need to add the Event Log Source for CoreCycler
              +++ The Event Log Source "CoreCycler" already exist, nothing to do
              +++ Adding Event Log entry: script_started
              +++ Adding the Windows Event Log entry:
              +++ [EVENTLOG] CoreCycler has started
              +++ [EVENTLOG] 
              +++ [EVENTLOG] The log files for this run are stored in:
              +++ [EVENTLOG] C:\Users\joshu\Desktop\Lux\logs\CoreCycler_2025-03-23_23-03-48_PRIME95_SSE.log
              +++ [EVENTLOG] C:\Users\joshu\Desktop\Lux\logs\Prime95_2025-03-23_23-03-48_SSE_4-1344_FFT_4K-1344K.log
              +++ [EVENTLOG] 
              +++ [EVENTLOG] Stress test program: PRIME95
              +++ [EVENTLOG] Selected test mode: SSE
              +++ [EVENTLOG] Selected number of threads: 2
              +++ [EVENTLOG] Runtime per core: AUTOMATIC
              +++ [EVENTLOG] Suspend periodically: ENABLED
              +++ [EVENTLOG] Restart for each core: ENABLED
              +++ [EVENTLOG] Test order of cores: DEFAULT (ALTERNATE)
              +++ [EVENTLOG] Number of iterations: 1
              +++ [EVENTLOG] 
              +   Starting the stress test program
              +   Starting Prime95
              +++ Trying to start the stress test with the command:
              +++ "C:\Users\joshu\Desktop\Lux\test_programs\p95\prime95.exe" -t
              +   Trying to get the stress test program main window handle
              +   Looking for these window names:
              +   ^Prime95 \- Torture Test$, ^Prime95 \- Self\-Test$, ^Prime95 \- Not running$, ^Prime95 \- Waiting for work$, ^Prime95$
              +   23:03:52 - Window found
              +   Found the following window(s) with these names:
              +    - WinTitle:          Prime95 - Torture Test
              +      MainWindowHandle:  1575172
              +      ProcessId:         4524
              +      Process Path:      C:\Users\joshu\Desktop\Lux\test_programs\p95\prime95.exe
              +      Process Path (PS): C:\Users\joshu\Desktop\Lux\test_programs\p95\prime95.exe
              +   Filtering the windows for ".*prime95\.exe$":
              +++ Found the following windows:
              +    - WinTitle:          Prime95 - Torture Test
              +      MainWindowHandle:  1575172
              +      ProcessId:         4524
              +      Process Path:      C:\Users\joshu\Desktop\Lux\test_programs\p95\prime95.exe
              +      Process Path (PS): C:\Users\joshu\Desktop\Lux\test_programs\p95\prime95.exe
              +   The process performing the stress test is the same as the main window
              +++ The stress test process id: 4524
              +++ The expected number of threads to find: 2
              +++ Trying to get the threads that are running the stress test
              +++ Trying to get the threads (loop: 0 - iteration: 1)
              +++ Found the expected number of threads (2 = 2)
              +   Main window handle:       1575172
              +   Main window process name: prime95
              +   Main window process ID:   4524
              +   Stress test process name: prime95
              +   Stress test process ID:   4524
              +   Stress test thread IDs:   
              +   All cores that could be tested:
              +   0, 1, 2, 3, 4, 5, 6, 7, 8, 9, 10, 11, 12, 13, 14, 15
              +   The preliminary test order:
              +   0, 1, 2, 3, 4, 5, 6, 7, 8, 9, 10, 11, 12, 13, 14, 15

23:03:52 - Iteration 1
════════════════════════════════════════════════════════════════════════════════
              +++ The initial test order:
              +++ 0, 1, 2, 3, 4, 5, 6, 7, 8, 9, 10, 11, 12, 13, 14, 15
              +++ The initial number of available cores:        16
              +++ The initial number of unique available cores: 16
              +   Alternating test order selected, building the test order array...
              +   The final test order:
              +   0, 8, 1, 9, 2, 10, 3, 11, 4, 12, 5, 13, 6, 14, 7, 15
              +++ The number of available cores:         16
              +++ The number of unique available cores:  16
              +++ The number of cores with an error:     0
              +++ The number of cores with a WHEA error: 0
              +++ Trying to switch to a new core (1 of 16) [index 0 of 15]
              +   Still available cores:
              +   0, 8, 1, 9, 2, 10, 3, 11, 4, 12, 5, 13, 6, 14, 7, 15
              +   The selected core to test: 0
23:03:52 - Set to Core 0 (CPU 0 and 1)
              +++ Creating the .automode file
              +++ Adding Event Log entry: core_started
              +++ Adding the Windows Event Log entry:
              +++ [EVENTLOG] Started testing Core 0 (CPU 0 and 1)
              +++ The number of Processor Groups:       1
              +++ The number of CPUs in the last group: 0
              +++ The group ID of the CPU to set to: 0
              +++ The number of processors in this group: 32
              +++ The IDs of the CPUs in its own group: 0 1
              +++ Calculated the group specific affinity as 1 [CPU 0, Group 0]
              +++ Calculated the group specific affinity as 2 [CPU 1, Group 0]
              +++ All calculated group specific affinities: 1 & 2
              +++ Found number of stress test threads: 2
              +++ The original affinities array: 1, 2
              +++ The final affinities array:    1, 2
              +++ Processing stress test thread number 0
              +   Trying to set the affinity for thread ID: 14116
              +   - Processor Group: 0 | Affinity: 1
              +++ Getting the thread handle for thread ID: 14116
              +++ The returned thread handle: 4540
              +++ Successfully set the group affinity for thread ID 14116 to 1 within group 0
              +++ Processing stress test thread number 1
              +   Trying to set the affinity for thread ID: 16716
              +   - Processor Group: 0 | Affinity: 2
              +++ Getting the thread handle for thread ID: 16716
              +++ The returned thread handle: 4540
              +++ Successfully set the group affinity for thread ID 16716 to 2 within group 0
           Running until all FFT sizes have been tested...
           Progress 1/16 | Iteration 1/1 | Runtime 00h 00m 04s
              +++ The number of cores with an error so far: 0
              +++ The number of cores with a WHEA error so far: 0
              +++ 
              +++ 23:03:53 - Tick 1 of max 8640
              +++            Remaining max runtime: 86400s
              +++ 
              +++ ┌─────────────────────────┐
              +++ │    THE FINALLY BLOCK    │
              +++ └─────────────────────────┘
              +++ 
              +   23:03:56 - Terminating the script...
              +   Successfully destroyed the shutdown block reason: (True)
              +++ Adding Event Log entry: script_terminated
              +++ Adding the Windows Event Log entry:
              +++ [EVENTLOG] CoreCycler was terminated
              +++ [EVENTLOG] 
              +++ [EVENTLOG] The log files for this run are stored in:
              +++ [EVENTLOG] C:\Users\joshu\Desktop\Lux\logs\CoreCycler_2025-03-23_23-03-48_PRIME95_SSE.log
              +++ [EVENTLOG] C:\Users\joshu\Desktop\Lux\logs\Prime95: Prime95_2025-03-23_23-03-48_SSE_4-1344_FFT_4K-1344K.log
              +++ [EVENTLOG] 
              +++ [EVENTLOG] 
              +++ [EVENTLOG] Summary:
              +++ [EVENTLOG] Run time: 08 seconds
              +++ [EVENTLOG] Iterations: 1 started / 0 completed
              +++ [EVENTLOG] Tested cores: 1 cores / 1 tests
              +++ [EVENTLOG] Core 0 (1x)
              +++ [EVENTLOG] No core has thrown an error
              +++ [EVENTLOG] No WHEA errors were observed during the test
              +++ [EVENTLOG] No adjustments to the Curve Optimizer values were necessary
              +++ [EVENTLOG] Core        C0 |  C1 |  C2 |  C3 |  C4 |  C5 |  C6 |  C7 |  C8 |  C9 | C10 | C11 | C12 | C13 | C14 | C15
              +++ [EVENTLOG] CO values    0 | -15 | -15 | -15 |   3 | -15 | -15 | -15 | -15 | -15 | -15 | -15 | -15 | -15 | -15 | -15
              +++ [EVENTLOG] 
              +++ Removing the startup task "\CoreCycler\\CoreCycler AutoMode Startup Task"
              +++ Removing the .automode file
23:03:56 - Terminating the script...
              +   Checking if the process is still active
              +   The stress test process is still running
              +   Checking if the process is still using CPU power
              +++ First CPU Value:  10.796875
              +++ Second CPU Value: 11.78125
              +++ Difference:       0.984375
              +   The stress test program is still using enough CPU power, so we can try to close it
           Trying to close the stress test program...
              +   Trying to close the stress test program
              +   Trying to close Prime95
              +   Resuming threads for process: 4524 - prime95
              +++            ID: - 8316 ok - 9312 ok - 17780 ok - 13852 ok - 18240 ok - 16968 ok - 16716 ok - 14116 ok
              +   Trying to gracefully close Prime95
              +++ The window process main window handle: 1575172
              +++ Try 1
              +            - ... has exited: True
              +   The main window has exited
              +   The main window has truly exited
              +   Prime95 closed
Please check if the selected stress test program "Prime95" is still running!
Check for these processes:
 - prime95.exe

╔══════════════════════════════════════════════════════════════════════════════╗
╟──────────────────────────────────┤ Summary ├─────────────────────────────────╢
╚══════════════════════════════════════════════════════════════════════════════╝

Run time:     09 seconds
Iterations:   1 started / 0 completed
Tested cores: 1 cores / 1 tests
              Core 0 (1x)

────────────────────────────────────────────────────────────────────────────────

No core has thrown an error

No WHEA errors were observed during the test

────────────────────────────────────────────────────────────────────────────────

No adjustments to the Curve Optimizer values were necessary
Core        C0 |  C1 |  C2 |  C3 |  C4 |  C5 |  C6 |  C7 |  C8 |  C9 | C10 | C11 | C12 | C13 | C14 | C15
CO values    0 | -15 | -15 | -15 |   3 | -15 | -15 | -15 | -15 | -15 | -15 | -15 | -15 | -15 | -15 | -15

────────────────────────────────────────────────────────────────────────────────

The log files for this run are stored in:
C:\Users\joshu\Desktop\Lux\logs\
 - CoreCycler: CoreCycler_2025-03-23_23-03-48_PRIME95_SSE.log
 - Prime95:    Prime95_2025-03-23_23-03-48_SSE_4-1344_FFT_4K-1344K.log

