              +   Started the script at 2025-03-08 18:56:37
              +++ PSScriptRoot: C:\Users\joshu\Desktop\Lux
              +++ The initial log level: 2
              +++ Starting the main functionality block
              +++ Disabled the close button
              +++ Trying to get the initial update check settings
              +++ Custom config file: C:\Users\joshu\Desktop\Lux\
              +++ C:\Users\joshu\Desktop\Lux\ not found, using the values from the config.ini
              +++ Initial Update Check Enabled:   False
              +++ Initial Update Check Frequency: 48
              +++ Getting the settings
              +++ Settings parsed
              +++ 
              +++ -------------------------------- The config file -------------------------------
              +++ C:\Users\joshu\Desktop\Lux\config.ini
              +++ --------------------------------------------------------------------------------
              +++ 
              +++ [General]
              +++ useconfigfile = 
              +++ stresstestprogram = YCRUNCHER
              +++ runtimepercore = auto
              +++ suspendperiodically = 1
              +++ coretestorder = Default
              +++ skipcoreonerror = 1
              +++ stoponerror = 0
              +++ numberofthreads = 1
              +++ assignbothvirtualcoresforsinglethread = 0
              +++ maxiterations = 1
              +++ corestoignore = 
              +++ restarttestprogramforeachcore = 0
              +++ delaybetweencores = 15
              +++ beeponerror = 1
              +++ flashonerror = 1
              +++ lookforwheaerrors = 1
              +++ treatwheawarningaserror = 1
              +++ 
              +++ [Prime95]
              +++ mode = SSE
              +++ fftsize = Huge
              +++ 
              +++ [yCruncher]
              +++ mode = 19-ZN2 ~ Kagari
              +++ tests = SFTv4
              +++ testduration = 60
              +++ memory = Default
              +++ enableycruncherloggingwrapper = 1
              +++ 
              +++ [Aida64]
              +++ mode = CACHE
              +++ useavx = 0
              +++ maxmemory = 90
              +++ 
              +++ [Linpack]
              +++ version = 2019
              +++ mode = Slowest
              +++ memory = 2GB
              +++ 
              +++ [AutomaticTestMode]
              +++ enableautomaticadjustment = 0
              +++ startvalues = Default
              +++ maxvalue = 0
              +++ incrementby = 1
              +++ repeatcoreonerror = 1
              +++ enableresumeafterunexpectedexit = 0
              +++ 
              +++ [Logging]
              +++ name = CoreCycler
              +++ loglevel = 2
              +++ usewindowseventlog = 1
              +++ flushdiskwritecache = 0
              +++ 
              +++ [Update]
              +++ enableupdatecheck = 0
              +++ updatecheckfrequency = 48
              +++ 
              +++ [Prime95Custom]
              +++ cpusupportsavx = 1
              +++ cpusupportsavx2 = 0
              +++ cpusupportsfma3 = 0
              +++ cpusupportsavx512 = 0
              +++ mintorturefft = 4
              +++ maxtorturefft = 1344
              +++ torturemem = 0
              +++ torturetime = 1
              +++ 
              +++ [Debug]
              +++ disablecpuutilizationcheck = 0
              +++ usewindowsperformancecountersforcpuutilization = 0
              +++ enablecpufrequencycheck = 0
              +++ tickinterval = 10
              +++ delayfirsterrorcheck = 0
              +++ stresstestprogrampriority = Normal
              +++ stresstestprogramwindowtoforeground = 0
              +++ suspensiontime = 1000
              +++ modetouseforsuspension = Threads
              +++ 
              +++ 
              +++ 
              +++ 
              +++ ------------------------------ The parsed settings -----------------------------
              +++ [No Section] mode = 19-ZN2 ~ KAGARI
              +++ 
              +++ [Logging] useWindowsEventLog = 1
              +++ [Logging] flushDiskWriteCache = 0
              +++ [Logging] name = CoreCycler
              +++ [Logging] logLevel = 2
              +++ 
              +++ [Aida64] useAVX = 0
              +++ [Aida64] mode = CACHE
              +++ [Aida64] maxMemory = 90
              +++ 
              +++ [Update] enableUpdateCheck = 0
              +++ [Update] updateCheckFrequency = 48
              +++ 
              +++ [Debug] stressTestProgramWindowToForeground = 0
              +++ [Debug] delayFirstErrorCheck = 0
              +++ [Debug] disableCpuUtilizationCheck = 0
              +++ [Debug] modeToUseForSuspension = threads
              +++ [Debug] tickInterval = 10
              +++ [Debug] useWindowsPerformanceCountersForCpuUtilization = 0
              +++ [Debug] enableCpuFrequencyCheck = 0
              +++ [Debug] stressTestProgramPriority = Normal
              +++ [Debug] suspensionTime = 1000
              +++ 
              +++ [yCruncher] mode = 19-ZN2 ~ Kagari
              +++ [yCruncher] enableYCruncherLoggingWrapper = 1
              +++ [yCruncher] testDuration = 60
              +++ [yCruncher] memory = default
              +++ [yCruncher] tests = SFTv4
              +++ 
              +++ [Prime95Custom] MinTortureFFT = 4
              +++ [Prime95Custom] TortureTime = 1
              +++ [Prime95Custom] TortureMem = 0
              +++ [Prime95Custom] CpuSupportsAVX = 1
              +++ [Prime95Custom] CpuSupportsFMA3 = 0
              +++ [Prime95Custom] MaxTortureFFT = 1344
              +++ [Prime95Custom] CpuSupportsAVX512 = 0
              +++ [Prime95Custom] CpuSupportsAVX2 = 0
              +++ 
              +++ [AutomaticTestMode] repeatCoreOnError = 1
              +++ [AutomaticTestMode] enableAutomaticAdjustment = 0
              +++ [AutomaticTestMode] maxValue = 0
              +++ [AutomaticTestMode] enableResumeAfterUnexpectedExit = 0
              +++ [AutomaticTestMode] incrementBy = 1
              +++ [AutomaticTestMode] startValues = default
              +++ 
              +++ [Prime95] FFTSize = Huge
              +++ [Prime95] mode = SSE
              +++ 
              +++ [Linpack] memory = 2gb
              +++ [Linpack] version = 2019
              +++ [Linpack] mode = Slowest
              +++ 
              +++ [General] runtimePerCore = auto
              +++ [General] coresToIgnore = 
              +++ [General] maxIterations = 1
              +++ [General] assignBothVirtualCoresForSingleThread = 0
              +++ [General] useConfigFile = 
              +++ [General] flashOnError = 1
              +++ [General] skipCoreOnError = 1
              +++ [General] restartTestProgramForEachCore = 0
              +++ [General] treatWheaWarningAsError = 1
              +++ [General] stopOnError = 0
              +++ [General] numberOfThreads = 1
              +++ [General] delayBetweenCores = 15
              +++ [General] stressTestProgram = ycruncher
              +++ [General] lookForWheaErrors = 1
              +++ [General] suspendPeriodically = 1
              +++ [General] coreTestOrder = default
              +++ [General] beepOnError = 1
              +++ 
              +++ --------------------------------------------------------------------------------
              +++ 
              +   
              +   Operating System:
              +   OS:          Microsoft Windows 11 Pro
              +   Version:     10.0.26100
              +   BuildNumber: 26100
              +   CSDVersion:  
              +   CodeSet:     1252
              +   CountryCode: 1
              +   OSLanguage:  1033
              +   Locale:      0409 (hex -> int -> 1033)
              +   Locale Name: English (United States) (en-US)
              +   Free Memory: 27604 MB
              +   Script Root: C:\Users\joshu\Desktop\Lux
              +   
              +   APIC IDs:
              +   CPU  0:  ACPI ID =  0  -> Core  0 (SMT On)
              +   CPU  1:  ACPI ID =  1  -> Core  0 (SMT On)
              +   CPU  2:  ACPI ID =  2  -> Core  1 (SMT On)
              +   CPU  3:  ACPI ID =  3  -> Core  1 (SMT On)
              +   CPU  4:  ACPI ID =  4  -> Core  2 (SMT On)
              +   CPU  5:  ACPI ID =  5  -> Core  2 (SMT On)
              +   CPU  6:  ACPI ID =  6  -> Core  3 (SMT On)
              +   CPU  7:  ACPI ID =  7  -> Core  3 (SMT On)
              +   CPU  8:  ACPI ID =  8  -> Core  4 (SMT On)
              +   CPU  9:  ACPI ID =  9  -> Core  4 (SMT On)
              +   CPU 10:  ACPI ID = 10  -> Core  5 (SMT On)
              +   CPU 11:  ACPI ID = 11  -> Core  5 (SMT On)
              +   CPU 12:  ACPI ID = 12  -> Core  6 (SMT On)
              +   CPU 13:  ACPI ID = 13  -> Core  6 (SMT On)
              +   CPU 14:  ACPI ID = 14  -> Core  7 (SMT On)
              +   CPU 15:  ACPI ID = 15  -> Core  7 (SMT On)
              +   CPU 16:  ACPI ID = 16  -> Core  8 (SMT On)
              +   CPU 17:  ACPI ID = 17  -> Core  8 (SMT On)
              +   CPU 18:  ACPI ID = 18  -> Core  9 (SMT On)
              +   CPU 19:  ACPI ID = 19  -> Core  9 (SMT On)
              +   CPU 20:  ACPI ID = 20  -> Core 10 (SMT On)
              +   CPU 21:  ACPI ID = 21  -> Core 10 (SMT On)
              +   CPU 22:  ACPI ID = 22  -> Core 11 (SMT On)
              +   CPU 23:  ACPI ID = 23  -> Core 11 (SMT On)
              +   CPU 24:  ACPI ID = 24  -> Core 12 (SMT On)
              +   CPU 25:  ACPI ID = 25  -> Core 12 (SMT On)
              +   CPU 26:  ACPI ID = 26  -> Core 13 (SMT On)
              +   CPU 27:  ACPI ID = 27  -> Core 13 (SMT On)
              +   CPU 28:  ACPI ID = 28  -> Core 14 (SMT On)
              +   CPU 29:  ACPI ID = 29  -> Core 14 (SMT On)
              +   CPU 30:  ACPI ID = 30  -> Core 15 (SMT On)
              +   CPU 31:  ACPI ID = 31  -> Core 15 (SMT On)
              +++ Removing the startup task "\CoreCycler\\CoreCycler AutoMode Startup Task"
              +++ Removing the .automode file
              +++ Removing the .automode file
              +++ The script process id (PID):   16336
              +++ The parent process id:         16116
              +++ The parent main window handle: 2556724
              +   Successfully created the shutdown block reason: (True)
              +   Initializing the stress test program
              +   Checking if 19-ZN2 ~ Kagari.exe exists at:
              +   C:\Users\joshu\Desktop\Lux\test_programs\y-cruncher\Binaries\19-ZN2 ~ Kagari.exe

╔══════════════════════════════════════════════════════════════════════════════╗
╟─────────┤ CoreCycler v0.10.0.0alpha5 started at 2025-03-08 18:56:41 ├────────╢
╚══════════════════════════════════════════════════════════════════════════════╝

Log Level set to: ..................... 2 [Writing debug messages to log file]
Use the Windows Event Log: ............ ENABLED
Check for WHEA errors: ................ ENABLED
Stress test program: .................. Y-CRUNCHER
Selected test mode: ................... 19-ZN2 ~ KAGARI
Selected y-cruncher tests: ............ SFTv4
Duration per test: .................... 60
Detected processor: ................... AMD Ryzen 9 5950X 16-Core Processor            
Logical/Physical cores: ............... 32 logical / 16 physical cores
Hyperthreading / SMT is: .............. ENABLED
Selected number of threads: ........... 1
Assign both cores to stress thread: ... DISABLED
Runtime per core: ..................... AUTOMATIC
Suspend periodically: ................. ENABLED
Restart for each core: ................ DISABLED
Test order of cores: .................. DEFAULT (ALTERNATE)
Number of iterations: ................. 1

────────────────────────────────────────────────────────────────────────────────
The log files for this run are stored in:
C:\Users\joshu\Desktop\Lux\logs\
 - CoreCycler: CoreCycler_2025-03-08_18-56-37_YCRUNCHER_19-ZN2 ~ KAGARI.log
 - y-cruncher: yCruncher_2025-03-08_18-56-37_mode_19-ZN2 ~ KAGARI.log
────────────────────────────────────────────────────────────────────────────────

              +   Checking if we need to add the Event Log Source for CoreCycler
              +++ The Event Log Source "CoreCycler" already exist, nothing to do
              +++ Adding Event Log entry: script_started
              +++ Adding the Windows Event Log entry:
              +++ [EVENTLOG] CoreCycler has started
              +++ [EVENTLOG] 
              +++ [EVENTLOG] The log files for this run are stored in:
              +++ [EVENTLOG] C:\Users\joshu\Desktop\Lux\logs\CoreCycler_2025-03-08_18-56-37_YCRUNCHER_19-ZN2 ~ KAGARI.log
              +++ [EVENTLOG] C:\Users\joshu\Desktop\Lux\logs\yCruncher_2025-03-08_18-56-37_mode_19-ZN2 ~ KAGARI.log
              +++ [EVENTLOG] 
              +++ [EVENTLOG] Stress test program: Y-CRUNCHER
              +++ [EVENTLOG] Selected test mode: 19-ZN2 ~ KAGARI
              +++ [EVENTLOG] Selected number of threads: 1
              +++ [EVENTLOG] Assign both cores to stress thread: DISABLED
              +++ [EVENTLOG] Runtime per core: AUTOMATIC
              +++ [EVENTLOG] Suspend periodically: ENABLED
              +++ [EVENTLOG] Restart for each core: DISABLED
              +++ [EVENTLOG] Test order of cores: DEFAULT (ALTERNATE)
              +++ [EVENTLOG] Number of iterations: 1
              +++ [EVENTLOG] 
              +   Starting the stress test program
              +   Starting y-cruncher
              +++ Trying to start the stress test with the command:
              +++ cmd /C start /MIN /AFFINITY 0xC "y-cruncher - 19-ZN2 ~ Kagari.exe" "C:\Users\joshu\Desktop\Lux\helpers\WriteConsoleToWriteFileWrapper.exe" "C:\Users\joshu\Desktop\Lux\test_programs\y-cruncher\Binaries\19-ZN2 ~ Kagari.exe" priority:2 config "C:\Users\joshu\Desktop\Lux\test_programs\y-cruncher\Binaries\stressTest.cfg" /dlllog:"C:\Users\joshu\Desktop\Lux\logs\yCruncher_2025-03-08_18-56-37_mode_19-ZN2 ~ KAGARI.log"
              +   Trying to get the stress test program main window handle
              +   Looking for these window names:
              +   ^.*WriteConsoleToWriteFileWrapper\.exe$, ^.*19-ZN2 ~ Kagari\.exe$
              +   18:56:42 - Window found
              +   Found the following window(s) with these names:
              +    - WinTitle:          y-cruncher - 19-ZN2 ~ Kagari.exe
              +      MainWindowHandle:  1704838
              +      ProcessId:         14800
              +      Process Path:      C:\Users\joshu\Desktop\Lux\helpers\WriteConsoleToWriteFileWrapper.exe
              +      Process Path (PS): C:\Users\joshu\Desktop\Lux\helpers\WriteConsoleToWriteFileWrapper.exe
              +   enableYCruncherLoggingWrapper has been set, special handling
              +   Filtering the windows for "*"C:\Users\joshu\Desktop\Lux\test_programs\y-cruncher\Binaries\19-ZN2 ~ Kagari.exe"*":
              +    - ProcessId:         14800
              +      searchForProcess:  *"C:\Users\joshu\Desktop\Lux\test_programs\y-cruncher\Binaries\19-ZN2 ~ Kagari.exe"*
              +      CommandLine:       "C:\Users\joshu\Desktop\Lux\helpers\WriteConsoleToWriteFileWrapper.exe"  "C:\Users\joshu\Desktop\Lux\test_programs\y-cruncher\Binaries\19-ZN2 ~ Kagari.exe" priority:2 config "C:\Users\joshu\Desktop\Lux\test_programs\y-cruncher\Binaries\stressTest.cfg" /dlllog:"C:\Users\joshu\Desktop\Lux\logs\yCruncher_2025-03-08_18-56-37_mode_19-ZN2 ~ KAGARI.log"
              +      hasMatch:          True
              +++ Found the following windows:
              +    - WinTitle:          y-cruncher - 19-ZN2 ~ Kagari.exe
              +      MainWindowHandle:  1704838
              +      ProcessId:         14800
              +      Process Path:      C:\Users\joshu\Desktop\Lux\helpers\WriteConsoleToWriteFileWrapper.exe
              +      Process Path (PS): C:\Users\joshu\Desktop\Lux\helpers\WriteConsoleToWriteFileWrapper.exe
              +   The process performing the stress test is NOT the same as the main window!
              +   Searching for the stress test process id...
              +   Searching for "19-ZN2 ~ Kagari"...
FATAL ERROR: Could not determine the stress test program process ID! (looking for 19-ZN2 ~ Kagari)
              +++ Removing the .automode file
              +++ 
              +++ ┌─────────────────────────┐
              +++ │    THE FINALLY BLOCK    │
              +++ └─────────────────────────┘
              +++ 
              +   18:56:56 - Terminating the script...
              +   Successfully destroyed the shutdown block reason: (True)
              +++ Adding Event Log entry: script_terminated
              +++ Adding the Windows Event Log entry:
              +++ [EVENTLOG] CoreCycler was terminated
              +++ [EVENTLOG] 
              +++ [EVENTLOG] The log files for this run are stored in:
              +++ [EVENTLOG] C:\Users\joshu\Desktop\Lux\logs\CoreCycler_2025-03-08_18-56-37_YCRUNCHER_19-ZN2 ~ KAGARI.log
              +++ [EVENTLOG] C:\Users\joshu\Desktop\Lux\logs\y-cruncher: yCruncher_2025-03-08_18-56-37_mode_19-ZN2 ~ KAGARI.log
              +++ [EVENTLOG] 
              +++ [EVENTLOG] 
              +++ [EVENTLOG] Summary:
              +++ [EVENTLOG] Run time: 19 seconds
              +++ [EVENTLOG] Iterations: 0 started / 0 completed
              +++ [EVENTLOG] Tested cores: 0 cores / 0 tests
              +++ [EVENTLOG] 
              +++ [EVENTLOG] No core has thrown an error
              +++ [EVENTLOG] No WHEA errors were observed during the test
              +++ [EVENTLOG] 
              +++ Removing the startup task "\CoreCycler\\CoreCycler AutoMode Startup Task"
              +++ Removing the .automode file
              +++ Exit-WithFatalError was called, skipping the rest
