              +   Started the script at 2025-03-23 22:00:03
              +++ PSScriptRoot: C:\Users\joshu\Desktop\Lux
              +++ The initial log level: 2
              +++ Starting the main functionality block
              +++ Disabled the close button
              +++ Trying to get the initial update check settings
              +++ Custom config file: C:\Users\joshu\Desktop\Lux\
              +++ C:\Users\joshu\Desktop\Lux\ not found, using the values from the config.ini
              +++ Initial Update Check Enabled:   False
              +++ Initial Update Check Frequency: 48
              +++ Getting the settings
              +++ Settings parsed
              +++ 
              +++ -------------------------------- The config file -------------------------------
              +++ C:\Users\joshu\Desktop\Lux\config.ini
              +++ --------------------------------------------------------------------------------
              +++ 
              +++ [General]
              +++ useconfigfile = 
              +++ stresstestprogram = LINPACK
              +++ runtimepercore = auto
              +++ suspendperiodically = 1
              +++ coretestorder = Alternate
              +++ skipcoreonerror = 1
              +++ stoponerror = 1
              +++ numberofthreads = 1
              +++ assignbothvirtualcoresforsinglethread = 1
              +++ maxiterations = 1
              +++ corestoignore = 1, 2, 3
              +++ restarttestprogramforeachcore = 0
              +++ delaybetweencores = 15
              +++ beeponerror = 1
              +++ flashonerror = 1
              +++ lookforwheaerrors = 1
              +++ treatwheawarningaserror = 1
              +++ 
              +++ [Prime95]
              +++ mode = SSE
              +++ fftsize = Huge
              +++ 
              +++ [yCruncher]
              +++ mode = 12-BD2 ~ Miyu
              +++ tests = BKT, BBP, SFT, SFTv4, SNT, SVT, FFT, FFTv4, N63, VT3
              +++ testduration = 60
              +++ memory = Default
              +++ enableycruncherloggingwrapper = 1
              +++ 
              +++ [Aida64]
              +++ mode = CACHE, CPU, FPU, RAM
              +++ useavx = 0
              +++ maxmemory = 90
              +++ 
              +++ [Linpack]
              +++ version = 2018
              +++ mode = Medium
              +++ memory = 2GB
              +++ 
              +++ [AutomaticTestMode]
              +++ enableautomaticadjustment = 1
              +++ startvalues = Default
              +++ maxvalue = 0
              +++ incrementby = 1
              +++ repeatcoreonerror = 1
              +++ enableresumeafterunexpectedexit = 0
              +++ 
              +++ [Logging]
              +++ name = CoreCycler
              +++ loglevel = 2
              +++ usewindowseventlog = 1
              +++ flushdiskwritecache = 0
              +++ 
              +++ [Update]
              +++ enableupdatecheck = 0
              +++ updatecheckfrequency = 48
              +++ 
              +++ [Prime95Custom]
              +++ cpusupportsavx = 1
              +++ cpusupportsavx2 = 0
              +++ cpusupportsfma3 = 0
              +++ cpusupportsavx512 = 0
              +++ mintorturefft = 4
              +++ maxtorturefft = 1344
              +++ torturemem = 0
              +++ torturetime = 1
              +++ 
              +++ [Debug]
              +++ disablecpuutilizationcheck = 0
              +++ usewindowsperformancecountersforcpuutilization = 0
              +++ enablecpufrequencycheck = 0
              +++ tickinterval = 10
              +++ delayfirsterrorcheck = 0
              +++ stresstestprogrampriority = Normal
              +++ stresstestprogramwindowtoforeground = 0
              +++ suspensiontime = 1000
              +++ modetouseforsuspension = Threads
              +++ 
              +++ 
              +++ 
              +++ 
              +++ ------------------------------ The parsed settings -----------------------------
              +++ [No Section] mode = MEDIUM
              +++ 
              +++ [Logging] useWindowsEventLog = 1
              +++ [Logging] flushDiskWriteCache = 0
              +++ [Logging] name = CoreCycler
              +++ [Logging] logLevel = 2
              +++ 
              +++ [Aida64] useAVX = 0
              +++ [Aida64] mode = CACHE, CPU, FPU, RAM
              +++ [Aida64] maxMemory = 90
              +++ 
              +++ [Update] enableUpdateCheck = 0
              +++ [Update] updateCheckFrequency = 48
              +++ 
              +++ [Debug] stressTestProgramWindowToForeground = 0
              +++ [Debug] delayFirstErrorCheck = 0
              +++ [Debug] disableCpuUtilizationCheck = 0
              +++ [Debug] modeToUseForSuspension = threads
              +++ [Debug] tickInterval = 10
              +++ [Debug] useWindowsPerformanceCountersForCpuUtilization = 0
              +++ [Debug] enableCpuFrequencyCheck = 0
              +++ [Debug] stressTestProgramPriority = Normal
              +++ [Debug] suspensionTime = 1000
              +++ 
              +++ [yCruncher] mode = 12-BD2 ~ Miyu
              +++ [yCruncher] enableYCruncherLoggingWrapper = 1
              +++ [yCruncher] testDuration = 60
              +++ [yCruncher] memory = default
              +++ [yCruncher] tests = BKT BBP SFT SFTv4 SNT SVT FFT FFTv4 N63 VT3
              +++ 
              +++ [Prime95Custom] MinTortureFFT = 4
              +++ [Prime95Custom] TortureTime = 1
              +++ [Prime95Custom] TortureMem = 0
              +++ [Prime95Custom] CpuSupportsAVX = 1
              +++ [Prime95Custom] CpuSupportsFMA3 = 0
              +++ [Prime95Custom] MaxTortureFFT = 1344
              +++ [Prime95Custom] CpuSupportsAVX512 = 0
              +++ [Prime95Custom] CpuSupportsAVX2 = 0
              +++ 
              +++ [AutomaticTestMode] repeatCoreOnError = 1
              +++ [AutomaticTestMode] enableAutomaticAdjustment = 1
              +++ [AutomaticTestMode] maxValue = 0
              +++ [AutomaticTestMode] enableResumeAfterUnexpectedExit = 0
              +++ [AutomaticTestMode] incrementBy = 1
              +++ [AutomaticTestMode] startValues = default
              +++ 
              +++ [Prime95] FFTSize = Huge
              +++ [Prime95] mode = SSE
              +++ 
              +++ [Linpack] memory = 2gb
              +++ [Linpack] version = 2018
              +++ [Linpack] mode = Medium
              +++ 
              +++ [General] runtimePerCore = auto
              +++ [General] coresToIgnore = 1 2 3
              +++ [General] maxIterations = 1
              +++ [General] assignBothVirtualCoresForSingleThread = 1
              +++ [General] useConfigFile = 
              +++ [General] flashOnError = 1
              +++ [General] skipCoreOnError = 1
              +++ [General] restartTestProgramForEachCore = 0
              +++ [General] treatWheaWarningAsError = 1
              +++ [General] stopOnError = 1
              +++ [General] numberOfThreads = 1
              +++ [General] delayBetweenCores = 15
              +++ [General] stressTestProgram = linpack
              +++ [General] lookForWheaErrors = 1
              +++ [General] suspendPeriodically = 1
              +++ [General] coreTestOrder = alternate
              +++ [General] beepOnError = 1
              +++ 
              +++ --------------------------------------------------------------------------------
              +++ 
              +   
              +   Operating System:
              +   OS:          Microsoft Windows 11 Pro
              +   Version:     10.0.26100
              +   BuildNumber: 26100
              +   CSDVersion:  
              +   CodeSet:     1252
              +   CountryCode: 1
              +   OSLanguage:  1033
              +   Locale:      0409 (hex -> int -> 1033)
              +   Locale Name: English (United States) (en-US)
              +   Free Memory: 27780 MB
              +   Script Root: C:\Users\joshu\Desktop\Lux
              +   
              +   APIC IDs:
              +   CPU  0:  ACPI ID =  0  -> Core  0 (SMT On)
              +   CPU  1:  ACPI ID =  1  -> Core  0 (SMT On)
              +   CPU  2:  ACPI ID =  2  -> Core  1 (SMT On)
              +   CPU  3:  ACPI ID =  3  -> Core  1 (SMT On)
              +   CPU  4:  ACPI ID =  4  -> Core  2 (SMT On)
              +   CPU  5:  ACPI ID =  5  -> Core  2 (SMT On)
              +   CPU  6:  ACPI ID =  6  -> Core  3 (SMT On)
              +   CPU  7:  ACPI ID =  7  -> Core  3 (SMT On)
              +   CPU  8:  ACPI ID =  8  -> Core  4 (SMT On)
              +   CPU  9:  ACPI ID =  9  -> Core  4 (SMT On)
              +   CPU 10:  ACPI ID = 10  -> Core  5 (SMT On)
              +   CPU 11:  ACPI ID = 11  -> Core  5 (SMT On)
              +   CPU 12:  ACPI ID = 12  -> Core  6 (SMT On)
              +   CPU 13:  ACPI ID = 13  -> Core  6 (SMT On)
              +   CPU 14:  ACPI ID = 14  -> Core  7 (SMT On)
              +   CPU 15:  ACPI ID = 15  -> Core  7 (SMT On)
              +   CPU 16:  ACPI ID = 16  -> Core  8 (SMT On)
              +   CPU 17:  ACPI ID = 17  -> Core  8 (SMT On)
              +   CPU 18:  ACPI ID = 18  -> Core  9 (SMT On)
              +   CPU 19:  ACPI ID = 19  -> Core  9 (SMT On)
              +   CPU 20:  ACPI ID = 20  -> Core 10 (SMT On)
              +   CPU 21:  ACPI ID = 21  -> Core 10 (SMT On)
              +   CPU 22:  ACPI ID = 22  -> Core 11 (SMT On)
              +   CPU 23:  ACPI ID = 23  -> Core 11 (SMT On)
              +   CPU 24:  ACPI ID = 24  -> Core 12 (SMT On)
              +   CPU 25:  ACPI ID = 25  -> Core 12 (SMT On)
              +   CPU 26:  ACPI ID = 26  -> Core 13 (SMT On)
              +   CPU 27:  ACPI ID = 27  -> Core 13 (SMT On)
              +   CPU 28:  ACPI ID = 28  -> Core 14 (SMT On)
              +   CPU 29:  ACPI ID = 29  -> Core 14 (SMT On)
              +   CPU 30:  ACPI ID = 30  -> Core 15 (SMT On)
              +   CPU 31:  ACPI ID = 31  -> Core 15 (SMT On)
              +++ Initializing Automatic Test Mode
              +++ Are we admin: True
              +++ We have admin rights, proceeding
              +++ The Automatic Test Mode starting values from the settings:
              +++ default
              +++ Trying to query for the Curve Optimizer values
              +++ The queried and parsed Curve Optimizer values:
              +++ 0 -15 -15 -15 3 -15 -15 -15 -15 -15 -15 -15 -15 -15 -15 -15
              +++ Trying to set the Curve Optimizer values:
              +   0 -15 -15 -15 3 -15 -15 -15 -15 -15 -15 -15 -15 -15 -15 -15
              +++ Curve Optimizer values successfuly set to:
              +++ 0 -15 -15 -15 3 -15 -15 -15 -15 -15 -15 -15 -15 -15 -15 -15
              +   Automatic Test Mode enabled
              +++ Removing the startup task "\CoreCycler\\CoreCycler AutoMode Startup Task"
              +++ Removing the .automode file
              +   The starting value(s):
              +   0 -15 -15 -15 3 -15 -15 -15 -15 -15 -15 -15 -15 -15 -15 -15
              +++ Removing the .automode file
              +++ The script process id (PID):   13636
              +++ The parent process id:         15420
              +++ The parent main window handle: 1443094
              +   Successfully created the shutdown block reason: (True)
              +   Initializing the stress test program
              +++ Initializing Linpack
              +   Checking if linpack_patched.exe exists at:
              +   C:\Users\joshu\Desktop\Lux\test_programs\linpack\2018.0.3.1\linpack_patched.exe
              +++ Convert to bytes from string:        2gb
              +++ Byte value from SI notation  (1000): 2000000000
              +++ Byte value from IEC notation (1024): 0
              +++ Single byte value:                   0
              +++ Converted to final byte value:       2000000000
              +++ Problem size:                15811
              +++ Use AVX:                     False
              +++ Checking leading dimension:  15816 ║ % 8 == 0: True   (0) ║ % 16 != 0: True   (8)
              +++ The final leading dimension: 15816
              +++ Calculated the problem size: "2gb" -> 2000000000 -> 15811 (LDA 15816)
              +++ Selected Memory: 1.9 GB (2000000000 bytes) ("memory = 2gb")
              +++ Free Memory:     27.1 GB (29129768960 bytes)
              +++ The final problem size: 15811
              +++ The leading dimension:  15816
              +++ Also modifying the startup command, because Linpack requires an
              +++ environment variable for the number of threads

╔══════════════════════════════════════════════════════════════════════════════╗
╟─────────┤ CoreCycler v0.10.0.0alpha5 started at 2025-03-23 22:00:06 ├────────╢
╚══════════════════════════════════════════════════════════════════════════════╝

Log Level set to: ..................... 2 [Writing debug messages to log file]
Use the Windows Event Log: ............ ENABLED
Check for WHEA errors: ................ ENABLED
Stress test program: .................. LINPACK 2018
Selected test mode: ................... MEDIUM
Memory size: .......................... 2GB
Detected processor: ................... AMD Ryzen 9 5950X 16-Core Processor            
Logical/Physical cores: ............... 32 logical / 16 physical cores
Hyperthreading / SMT is: .............. ENABLED
Selected number of threads: ........... 1
Assign both cores to stress thread: ... ENABLED
Runtime per core: ..................... 10 MINUTES (AUTO-MODE)
Suspend periodically: ................. ENABLED
Restart for each core: ................ DISABLED
Test order of cores: .................. ALTERNATE
Number of iterations: ................. 1
Ignored cores: ........................ 1, 2, 3
Automatic Test Mode: .................. ENABLED
Starting Curve Optimizer values: ...... 0, -15, -15, -15, 3, -15, -15, -15, -15, -15, -15, -15, -15, -15, -15, -15

────────────────────────────────────────────────────────────────────────────────
The log files for this run are stored in:
C:\Users\joshu\Desktop\Lux\logs\
 - CoreCycler: CoreCycler_2025-03-23_22-00-03_LINPACK_2018_MEDIUM.log
 - Linpack:    Linpack_2025-03-23_22-00-03_Version_2018_MEDIUM.log
────────────────────────────────────────────────────────────────────────────────

              +   Checking if we need to add the Event Log Source for CoreCycler
              +++ The Event Log Source "CoreCycler" already exist, nothing to do
              +++ Adding Event Log entry: script_started
              +++ Adding the Windows Event Log entry:
              +++ [EVENTLOG] CoreCycler has started
              +++ [EVENTLOG] 
              +++ [EVENTLOG] The log files for this run are stored in:
              +++ [EVENTLOG] C:\Users\joshu\Desktop\Lux\logs\CoreCycler_2025-03-23_22-00-03_LINPACK_2018_MEDIUM.log
              +++ [EVENTLOG] C:\Users\joshu\Desktop\Lux\logs\Linpack_2025-03-23_22-00-03_Version_2018_MEDIUM.log
              +++ [EVENTLOG] 
              +++ [EVENTLOG] Stress test program: LINPACK 2018
              +++ [EVENTLOG] Selected test mode: MEDIUM
              +++ [EVENTLOG] Selected number of threads: 1
              +++ [EVENTLOG] Assign both cores to stress thread: ENABLED
              +++ [EVENTLOG] Runtime per core: 10 MINUTES (AUTO-MODE)
              +++ [EVENTLOG] Suspend periodically: ENABLED
              +++ [EVENTLOG] Restart for each core: DISABLED
              +++ [EVENTLOG] Test order of cores: ALTERNATE
              +++ [EVENTLOG] Number of iterations: 1
              +++ [EVENTLOG] Ignored cores: 1, 2, 3
              +   Starting the stress test program
              +   Starting Linpack
              +++ Trying to start the stress test with the command:
              +++ cmd /C start /MIN "Linpack CoreCycler" powershell.exe -Command "$Host.UI.RawUI.WindowTitle = 'Linpack CoreCycler'; $PSDefaultParameterValues['*:Encoding'] = 'utf8'; $env:OMP_NUM_THREADS = 1; $env:MKL_DEBUG_CPU_TYPE = 3; $env:OMP_PLACES = 'CORES'; $env:OMP_PROC_BIND = 'SPREAD'; $env:MKL_DYNAMIC = 'FALSE'; $logFilePath = 'C:\Users\joshu\Desktop\Lux\logs\Linpack_2025-03-23_22-00-03_Version_2018_MEDIUM.log'; if (!([IO.File]::Exists($logFilePath))) { [IO.File]::WriteAllLines($logFilePath, (Get-Date -Format HH:mm:ss)) }; & \"C:\Users\joshu\Desktop\Lux\test_programs\linpack\2018.0.3.1\linpack_patched.exe\" 'C:\Users\joshu\Desktop\Lux\test_programs\linpack\2018.0.3.1\stressTest.ini' | Tee-Object -FilePath $logFilePath -Append"
              +   Trying to get the stress test program main window handle
              +   Looking for these window names:
              +   ^Linpack CoreCycler$
              +   22:00:07 - Window found
              +   Found the following window(s) with these names:
              +    - WinTitle:          Linpack CoreCycler
              +      MainWindowHandle:  1639402
              +      ProcessId:         16972
              +      Process Path:      C:\Windows\System32\WindowsPowerShell\v1.0\powershell.exe
              +      Process Path (PS): C:\WINDOWS\System32\WindowsPowerShell\v1.0\powershell.exe
              +   Linpack has been selected, special handling
              +   Filtering the windows for "*"C:\Users\joshu\Desktop\Lux\test_programs\linpack\2018.0.3.1\linpack_patched.exe"*":
              +    - ProcessId:         16972
              +      searchForProcess:  *"C:\Users\joshu\Desktop\Lux\test_programs\linpack\2018.0.3.1\linpack_patched.exe"*
              +      CommandLine:       powershell.exe  -Command "$Host.UI.RawUI.WindowTitle = 'Linpack CoreCycler'; $PSDefaultParameterValues['*:Encoding'] = 'utf8'; $env:OMP_NUM_THREADS = 1; $env:MKL_DEBUG_CPU_TYPE = 3; $env:OMP_PLACES = 'CORES'; $env:OMP_PROC_BIND = 'SPREAD'; $env:MKL_DYNAMIC = 'FALSE'; $logFilePath = 'C:\Users\joshu\Desktop\Lux\logs\Linpack_2025-03-23_22-00-03_Version_2018_MEDIUM.log'; if (!([IO.File]::Exists($logFilePath))) { [IO.File]::WriteAllLines($logFilePath, (Get-Date -Format HH:mm:ss)) }; & \"C:\Users\joshu\Desktop\Lux\test_programs\linpack\2018.0.3.1\linpack_patched.exe\" 'C:\Users\joshu\Desktop\Lux\test_programs\linpack\2018.0.3.1\stressTest.ini' | Tee-Object -FilePath $logFilePath -Append"
              +      hasMatch:          False
              +++ Couldn't find the window process, it may be buried inside the Windows Terminal
              +++ Looking for the stress test process instead...
              +++ Looking for the process where the ExecutablePath is:
              +++ C:\\Users\\joshu\\Desktop\\Lux\\test_programs\\linpack\\2018.0.3.1\\linpack_patched.exe
              +   Found a matching main window:
              +    - ProcessId:         16972
              +      Process Path:      C:\Windows\System32\WindowsPowerShell\v1.0\powershell.exe
              +      WinTitle:          Linpack CoreCycler
              +      MainWindowHandle:  1639402
              +++ Found the following windows:
              +    - WinTitle:          Linpack CoreCycler
              +      MainWindowHandle:  1639402
              +      ProcessId:         16972
              +      Process Path:      C:\Windows\System32\WindowsPowerShell\v1.0\powershell.exe
              +      Process Path (PS): C:\WINDOWS\System32\WindowsPowerShell\v1.0\powershell.exe
              +   The process performing the stress test is NOT the same as the main window!
              +   Searching for the stress test process id...
              +   Searching for "linpack_patched"...
              +   Found with ID: 4292
              +++ The stress test process id: 4292
              +++ The expected number of threads to find: 1
              +++ Trying to get the threads that are running the stress test
              +++ Trying to get the threads (loop: 0 - iteration: 1)
              +++ Found the expected number of threads (1 = 1)
              +   Main window handle:       1639402
              +   Main window process name: powershell
              +   Main window process ID:   16972
              +   Stress test process name: linpack_patched
              +   Stress test process ID:   4292
              +   Stress test thread IDs:   
              +   All cores that could be tested:
              +   0, 1, 2, 3, 4, 5, 6, 7, 8, 9, 10, 11, 12, 13, 14, 15
              +   The preliminary test order:
              +   0, 4, 5, 6, 7, 8, 9, 10, 11, 12, 13, 14, 15

22:00:08 - Iteration 1
════════════════════════════════════════════════════════════════════════════════
              +++ The initial test order:
              +++ 0, 4, 5, 6, 7, 8, 9, 10, 11, 12, 13, 14, 15
              +++ The initial number of available cores:        13
              +++ The initial number of unique available cores: 13
              +   Alternating test order selected, building the test order array...
              +   The final test order:
              +   0, 8, 9, 10, 11, 4, 12, 5, 13, 6, 14, 7, 15
              +++ The number of available cores:         13
              +++ The number of unique available cores:  13
              +++ The number of cores with an error:     0
              +++ The number of cores with a WHEA error: 0
              +++ Trying to switch to a new core (1 of 13) [index 0 of 12]
              +   Still available cores:
              +   0, 8, 9, 10, 11, 4, 12, 5, 13, 6, 14, 7, 15
              +   The selected core to test: 0
              +   assignBothVirtualCoresForSingleThread is enabled, choosing both virtual cores for the affinity
22:00:08 - Set to Core 0 (CPU 0 and 1)
              +++ Adding Event Log entry: core_started
              +++ Adding the Windows Event Log entry:
              +++ [EVENTLOG] Started testing Core 0 (CPU 0 and 1)
              +++ The number of Processor Groups:       1
              +++ The number of CPUs in the last group: 0
              +++ The group ID of the CPU to set to: 0
              +++ The number of processors in this group: 32
              +++ The IDs of the CPUs in its own group: 0 1
              +++ Calculated the group specific affinity as 3 [CPUs 0 and 1, Group 0]
              +++ All calculated group specific affinities: 3
              +++ Found number of stress test threads: 1
              +++ The original affinities array: 3
              +++ The final affinities array:    3
              +++ Processing stress test thread number 0
              +   Trying to set the affinity for thread ID: 6660
              +   - Processor Group: 0 | Affinity: 3
              +++ Getting the thread handle for thread ID: 6660
              +++ The returned thread handle: 4700
              +++ Successfully set the group affinity for thread ID 6660 to 3 within group 0
           Running for 10 minutes (Auto-Mode)...
           Progress 1/13 | Iteration 1/1 | Runtime 00h 00m 04s
              +++ The number of cores with an error so far: 0
              +++ The number of cores with a WHEA error so far: 0
              +++ 
              +++ 22:00:08 - Tick 1 of max 60
              +++            Remaining max runtime: 600s
              +++ 
              +++ ┌─────────────────────────┐
              +++ │    THE FINALLY BLOCK    │
              +++ └─────────────────────────┘
              +++ 
              +   22:00:13 - Terminating the script...
              +   Successfully destroyed the shutdown block reason: (True)
              +++ Adding Event Log entry: script_terminated
              +++ Adding the Windows Event Log entry:
              +++ [EVENTLOG] CoreCycler was terminated
              +++ [EVENTLOG] 
              +++ [EVENTLOG] The log files for this run are stored in:
              +++ [EVENTLOG] C:\Users\joshu\Desktop\Lux\logs\CoreCycler_2025-03-23_22-00-03_LINPACK_2018_MEDIUM.log
              +++ [EVENTLOG] C:\Users\joshu\Desktop\Lux\logs\Linpack: Linpack_2025-03-23_22-00-03_Version_2018_MEDIUM.log
              +++ [EVENTLOG] 
              +++ [EVENTLOG] 
              +++ [EVENTLOG] Summary:
              +++ [EVENTLOG] Run time: 10 seconds
              +++ [EVENTLOG] Iterations: 1 started / 0 completed
              +++ [EVENTLOG] Tested cores: 1 cores / 1 tests
              +++ [EVENTLOG] Core 0 (1x)
              +++ [EVENTLOG] No core has thrown an error
              +++ [EVENTLOG] No WHEA errors were observed during the test
              +++ [EVENTLOG] No adjustments to the Curve Optimizer values were necessary
              +++ [EVENTLOG] Core        C0 |  C1 |  C2 |  C3 |  C4 |  C5 |  C6 |  C7 |  C8 |  C9 | C10 | C11 | C12 | C13 | C14 | C15
              +++ [EVENTLOG] CO values    0 | -15 | -15 | -15 |   3 | -15 | -15 | -15 | -15 | -15 | -15 | -15 | -15 | -15 | -15 | -15
              +++ [EVENTLOG] 
              +++ Removing the startup task "\CoreCycler\\CoreCycler AutoMode Startup Task"
              +++ Removing the .automode file
22:00:13 - Terminating the script...
              +   Checking if the process is still active
              +   The stress test process is still running
              +   Checking if the process is still using CPU power
              +++ First CPU Value:  7.171875
              +++ Second CPU Value: 7.671875
              +++ Difference:       0.5
              +   The stress test program is still using enough CPU power, so we can try to close it
           Trying to close the stress test program...
              +   Trying to close the stress test program
              +   Trying to close Linpack
              +   Resuming threads for process: 4292 - linpack_patched
              +++            ID: - 6660 ok - 3380 ok - 16572 ok
              +   Trying to gracefully close Linpack
              +++ The window process main window handle: 1639402
              +++ Try 1
              +            - ... has exited: True
              +   The main window has exited
              +   The main window is still there, trying again
              +++ Try 2
              +            - ... has exited: True
              +   The main window has exited
              +   The main window has truly exited
              +   Linpack closed
Please check if the selected stress test program "Linpack 2018" is still running!
Check for these processes:
 - powershell.exe
 - linpack_patched.exe

╔══════════════════════════════════════════════════════════════════════════════╗
╟──────────────────────────────────┤ Summary ├─────────────────────────────────╢
╚══════════════════════════════════════════════════════════════════════════════╝

Run time:     11 seconds
Iterations:   1 started / 0 completed
Tested cores: 1 cores / 1 tests
              Core 0 (1x)

────────────────────────────────────────────────────────────────────────────────

No core has thrown an error

No WHEA errors were observed during the test

────────────────────────────────────────────────────────────────────────────────

No adjustments to the Curve Optimizer values were necessary
Core        C0 |  C1 |  C2 |  C3 |  C4 |  C5 |  C6 |  C7 |  C8 |  C9 | C10 | C11 | C12 | C13 | C14 | C15
CO values    0 | -15 | -15 | -15 |   3 | -15 | -15 | -15 | -15 | -15 | -15 | -15 | -15 | -15 | -15 | -15

────────────────────────────────────────────────────────────────────────────────

The log files for this run are stored in:
C:\Users\joshu\Desktop\Lux\logs\
 - CoreCycler: CoreCycler_2025-03-23_22-00-03_LINPACK_2018_MEDIUM.log
 - Linpack:    Linpack_2025-03-23_22-00-03_Version_2018_MEDIUM.log

