              +   Started the script at 2025-03-07 14:21:41
              +++ PSScriptRoot: C:\Users\joshu\Desktop\CoreCycler\Testing\CoreCycler_Lux
              +++ The initial log level: 2
              +++ Starting the main functionality block
              +++ Disabled the close button
              +++ Trying to get the initial update check settings
              +++ Custom config file: C:\Users\joshu\Desktop\CoreCycler\Testing\CoreCycler_Lux\
              +++ C:\Users\joshu\Desktop\CoreCycler\Testing\CoreCycler_Lux\ not found, using the values from the config.ini
              +++ Initial Update Check Enabled:   True
              +++ Initial Update Check Frequency: 168
              +++ Update check is enabled, initializing the background job (early start)
              +++ Starting the update check background job
              +++ Getting the settings
              +++ Settings parsed
              +++ 
              +++ -------------------------------- The config file -------------------------------
              +++ C:\Users\joshu\Desktop\CoreCycler\Testing\CoreCycler_Lux\config.ini
              +++ --------------------------------------------------------------------------------
              +++ 
              +++ [General]
              +++ useconfigfile = 
              +++ stresstestprogram = YCRUNCHER
              +++ runtimepercore = auto
              +++ suspendperiodically = 1
              +++ coretestorder = 4
              +++ skipcoreonerror = 1
              +++ stoponerror = 0
              +++ numberofthreads = 2
              +++ assignbothvirtualcoresforsinglethread = 1
              +++ maxiterations = 5
              +++ corestoignore = 
              +++ restarttestprogramforeachcore = 0
              +++ delaybetweencores = 15
              +++ beeponerror = 1
              +++ flashonerror = 1
              +++ lookforwheaerrors = 1
              +++ treatwheawarningaserror = 1
              +++ 
              +++ [Prime95]
              +++ mode = SSE
              +++ fftsize = Huge
              +++ 
              +++ [yCruncher]
              +++ mode = 19-ZN2 ~ Kagari
              +++ tests = SFTv4, FFTv4
              +++ testduration = 775
              +++ memory = Default
              +++ enableycruncherloggingwrapper = 1
              +++ 
              +++ [Aida64]
              +++ mode = CACHE
              +++ useavx = 0
              +++ maxmemory = 90
              +++ 
              +++ [Linpack]
              +++ version = 2018
              +++ mode = MEDIUM
              +++ memory = 2GB
              +++ 
              +++ [AutomaticTestMode]
              +++ enableautomaticadjustment = 0
              +++ startvalues = Default
              +++ maxvalue = 5
              +++ incrementby = 1
              +++ repeatcoreonerror = 0
              +++ enableresumeafterunexpectedexit = 0
              +++ 
              +++ [Logging]
              +++ name = CoreCycler
              +++ loglevel = 2
              +++ usewindowseventlog = 1
              +++ flushdiskwritecache = 0
              +++ 
              +++ [Update]
              +++ enableupdatecheck = 1
              +++ updatecheckfrequency = 168
              +++ 
              +++ [Prime95Custom]
              +++ cpusupportsavx = 0
              +++ cpusupportsavx2 = 0
              +++ cpusupportsfma3 = 0
              +++ cpusupportsavx512 = 0
              +++ mintorturefft = 4
              +++ maxtorturefft = 8192
              +++ torturemem = 0
              +++ torturetime = 1
              +++ 
              +++ [Debug]
              +++ disablecpuutilizationcheck = 0
              +++ usewindowsperformancecountersforcpuutilization = 0
              +++ enablecpufrequencycheck = 0
              +++ tickinterval = 10
              +++ delayfirsterrorcheck = 0
              +++ stresstestprogrampriority = Normal
              +++ stresstestprogramwindowtoforeground = 0
              +++ suspensiontime = 1000
              +++ modetouseforsuspension = Threads
              +++ 
              +++ 
              +++ 
              +++ 
              +++ ------------------------------ The parsed settings -----------------------------
              +++ [No Section] mode = 19-ZN2 ~ KAGARI
              +++ 
              +++ [Logging] useWindowsEventLog = 1
              +++ [Logging] flushDiskWriteCache = 0
              +++ [Logging] name = CoreCycler
              +++ [Logging] logLevel = 2
              +++ 
              +++ [Aida64] useAVX = 0
              +++ [Aida64] mode = CACHE
              +++ [Aida64] maxMemory = 90
              +++ 
              +++ [Update] enableUpdateCheck = 1
              +++ [Update] updateCheckFrequency = 168
              +++ 
              +++ [Debug] stressTestProgramWindowToForeground = 0
              +++ [Debug] delayFirstErrorCheck = 0
              +++ [Debug] disableCpuUtilizationCheck = 0
              +++ [Debug] modeToUseForSuspension = threads
              +++ [Debug] tickInterval = 10
              +++ [Debug] useWindowsPerformanceCountersForCpuUtilization = 0
              +++ [Debug] enableCpuFrequencyCheck = 0
              +++ [Debug] stressTestProgramPriority = Normal
              +++ [Debug] suspensionTime = 1000
              +++ 
              +++ [yCruncher] mode = 19-ZN2 ~ Kagari
              +++ [yCruncher] enableYCruncherLoggingWrapper = 1
              +++ [yCruncher] testDuration = 775
              +++ [yCruncher] memory = default
              +++ [yCruncher] tests = SFTv4 FFTv4
              +++ 
              +++ [Prime95Custom] MinTortureFFT = 4
              +++ [Prime95Custom] TortureTime = 1
              +++ [Prime95Custom] TortureMem = 0
              +++ [Prime95Custom] CpuSupportsAVX = 0
              +++ [Prime95Custom] CpuSupportsFMA3 = 0
              +++ [Prime95Custom] MaxTortureFFT = 8192
              +++ [Prime95Custom] CpuSupportsAVX512 = 0
              +++ [Prime95Custom] CpuSupportsAVX2 = 0
              +++ 
              +++ [AutomaticTestMode] repeatCoreOnError = 0
              +++ [AutomaticTestMode] enableAutomaticAdjustment = 0
              +++ [AutomaticTestMode] maxValue = 5
              +++ [AutomaticTestMode] enableResumeAfterUnexpectedExit = 0
              +++ [AutomaticTestMode] incrementBy = 1
              +++ [AutomaticTestMode] startValues = default
              +++ 
              +++ [Prime95] FFTSize = Huge
              +++ [Prime95] mode = SSE
              +++ 
              +++ [Linpack] memory = 2gb
              +++ [Linpack] version = 2018
              +++ [Linpack] mode = MEDIUM
              +++ 
              +++ [General] runtimePerCore = auto
              +++ [General] coresToIgnore = 
              +++ [General] maxIterations = 5
              +++ [General] assignBothVirtualCoresForSingleThread = 1
              +++ [General] useConfigFile = 
              +++ [General] flashOnError = 1
              +++ [General] skipCoreOnError = 1
              +++ [General] restartTestProgramForEachCore = 0
              +++ [General] treatWheaWarningAsError = 1
              +++ [General] stopOnError = 0
              +++ [General] numberOfThreads = 2
              +++ [General] delayBetweenCores = 15
              +++ [General] stressTestProgram = ycruncher
              +++ [General] lookForWheaErrors = 1
              +++ [General] suspendPeriodically = 1
              +++ [General] coreTestOrder = 4
              +++ [General] beepOnError = 1
              +++ 
              +++ --------------------------------------------------------------------------------
              +++ 
              +   
              +   Operating System:
              +   OS:          Microsoft Windows 11 Pro
              +   Version:     10.0.26100
              +   BuildNumber: 26100
              +   CSDVersion:  
              +   CodeSet:     1252
              +   CountryCode: 1
              +   OSLanguage:  1033
              +   Locale:      0409 (hex -> int -> 1033)
              +   Locale Name: English (United States) (en-US)
              +   Free Memory: 26361 MB
              +   Script Root: C:\Users\joshu\Desktop\CoreCycler\Testing\CoreCycler_Lux
              +   
              +   APIC IDs:
              +   CPU  0:  ACPI ID =  0  -> Core  0 (SMT On)
              +   CPU  1:  ACPI ID =  1  -> Core  0 (SMT On)
              +   CPU  2:  ACPI ID =  2  -> Core  1 (SMT On)
              +   CPU  3:  ACPI ID =  3  -> Core  1 (SMT On)
              +   CPU  4:  ACPI ID =  4  -> Core  2 (SMT On)
              +   CPU  5:  ACPI ID =  5  -> Core  2 (SMT On)
              +   CPU  6:  ACPI ID =  6  -> Core  3 (SMT On)
              +   CPU  7:  ACPI ID =  7  -> Core  3 (SMT On)
              +   CPU  8:  ACPI ID =  8  -> Core  4 (SMT On)
              +   CPU  9:  ACPI ID =  9  -> Core  4 (SMT On)
              +   CPU 10:  ACPI ID = 10  -> Core  5 (SMT On)
              +   CPU 11:  ACPI ID = 11  -> Core  5 (SMT On)
              +   CPU 12:  ACPI ID = 12  -> Core  6 (SMT On)
              +   CPU 13:  ACPI ID = 13  -> Core  6 (SMT On)
              +   CPU 14:  ACPI ID = 14  -> Core  7 (SMT On)
              +   CPU 15:  ACPI ID = 15  -> Core  7 (SMT On)
              +   CPU 16:  ACPI ID = 16  -> Core  8 (SMT On)
              +   CPU 17:  ACPI ID = 17  -> Core  8 (SMT On)
              +   CPU 18:  ACPI ID = 18  -> Core  9 (SMT On)
              +   CPU 19:  ACPI ID = 19  -> Core  9 (SMT On)
              +   CPU 20:  ACPI ID = 20  -> Core 10 (SMT On)
              +   CPU 21:  ACPI ID = 21  -> Core 10 (SMT On)
              +   CPU 22:  ACPI ID = 22  -> Core 11 (SMT On)
              +   CPU 23:  ACPI ID = 23  -> Core 11 (SMT On)
              +   CPU 24:  ACPI ID = 24  -> Core 12 (SMT On)
              +   CPU 25:  ACPI ID = 25  -> Core 12 (SMT On)
              +   CPU 26:  ACPI ID = 26  -> Core 13 (SMT On)
              +   CPU 27:  ACPI ID = 27  -> Core 13 (SMT On)
              +   CPU 28:  ACPI ID = 28  -> Core 14 (SMT On)
              +   CPU 29:  ACPI ID = 29  -> Core 14 (SMT On)
              +   CPU 30:  ACPI ID = 30  -> Core 15 (SMT On)
              +   CPU 31:  ACPI ID = 31  -> Core 15 (SMT On)
              +++ Removing the startup task "\CoreCycler\\CoreCycler AutoMode Startup Task"
              +++ Removing the .automode file
              +++ Removing the .automode file
              +++ The script process id (PID):   9888
              +++ The parent process id:         4216
              +++ The parent main window handle: 11928050
              +   Successfully created the shutdown block reason: (True)
              +   Initializing the stress test program
              +   Checking if 19-ZN2 ~ Kagari.exe exists at:
              +   C:\Users\joshu\Desktop\CoreCycler\Testing\CoreCycler_Lux\test_programs\y-cruncher\Binaries\19-ZN2 ~ Kagari.exe
              +++ Getting the result of the update check background job
              +++ Messages from the update background job:
              +++ Checking for updates...
              +++ Started: 14:21:42
              +++ The current version string:   0.10.0.0alpha5
              +++ Int value of current version: 9999999999
              +++ Reading the .updatecheck file:
              +++ 1741303371
              +++ 9006002000
              +++ v0.9.6.2
              +++ https://github.com/sp00n/corecycler/releases/tag/v0.9.6.2
              +++ 
              +++ Last checked timestamp:   1741303371
              +++ Last checked version int: 9006002000
              +++ Last checked version str: v0.9.6.2
              +++ Last checked URL:         https://github.com/sp00n/corecycler/releases/tag/v0.9.6.2
              +++ Current timestamp:        1741357302
              +++ Time since last check:    53931s (14.981h)
              +++ Check interval:           604800s (168h)
              +++ The check interval time has not yet been exceeded, do not initiate a new online check
              +++ Not performing an online check
              +++ Background Job Started:             14:21:42
              +++ Background Job Ended:               14:21:42
              +++ Background Job Runtime:             0.0640584
              +++ Is there an update available:       False
              +++ Update Check Started (User Time):   14:21:45
              +++ Update Check Ended (User Time):     14:21:45
              +++ Update Check Runtime (User Time):   0.0140135

╔══════════════════════════════════════════════════════════════════════════════╗
╟─────────┤ CoreCycler v0.10.0.0alpha5 started at 2025-03-07 14:21:45 ├────────╢
╚══════════════════════════════════════════════════════════════════════════════╝

Log Level set to: ..................... 2 [Writing debug messages to log file]
Use the Windows Event Log: ............ ENABLED
Check for WHEA errors: ................ ENABLED
Stress test program: .................. Y-CRUNCHER
Selected test mode: ................... 19-ZN2 ~ KAGARI
Selected y-cruncher tests: ............ SFTv4, FFTv4
Duration per test: .................... 775
Detected processor: ................... AMD Ryzen 9 5950X 16-Core Processor            
Logical/Physical cores: ............... 32 logical / 16 physical cores
Hyperthreading / SMT is: .............. ENABLED
Selected number of threads: ........... 2
Runtime per core: ..................... AUTOMATIC
Suspend periodically: ................. ENABLED
Restart for each core: ................ DISABLED
Test order of cores: .................. 4
Number of iterations: ................. 5

────────────────────────────────────────────────────────────────────────────────
The log files for this run are stored in:
C:\Users\joshu\Desktop\CoreCycler\Testing\CoreCycler_Lux\logs\
 - CoreCycler: CoreCycler_2025-03-07_14-21-41_YCRUNCHER_19-ZN2 ~ KAGARI.log
 - y-cruncher: yCruncher_2025-03-07_14-21-41_mode_19-ZN2 ~ KAGARI.log
────────────────────────────────────────────────────────────────────────────────

              +   Checking if we need to add the Event Log Source for CoreCycler
              +++ The Event Log Source "CoreCycler" already exist, nothing to do
              +++ Adding Event Log entry: script_started
              +++ Adding the Windows Event Log entry:
              +++ [EVENTLOG] CoreCycler has started
              +++ [EVENTLOG] 
              +++ [EVENTLOG] The log files for this run are stored in:
              +++ [EVENTLOG] C:\Users\joshu\Desktop\CoreCycler\Testing\CoreCycler_Lux\logs\CoreCycler_2025-03-07_14-21-41_YCRUNCHER_19-ZN2 ~ KAGARI.log
              +++ [EVENTLOG] C:\Users\joshu\Desktop\CoreCycler\Testing\CoreCycler_Lux\logs\yCruncher_2025-03-07_14-21-41_mode_19-ZN2 ~ KAGARI.log
              +++ [EVENTLOG] 
              +++ [EVENTLOG] Stress test program: Y-CRUNCHER
              +++ [EVENTLOG] Selected test mode: 19-ZN2 ~ KAGARI
              +++ [EVENTLOG] Selected number of threads: 2
              +++ [EVENTLOG] Runtime per core: AUTOMATIC
              +++ [EVENTLOG] Suspend periodically: ENABLED
              +++ [EVENTLOG] Restart for each core: DISABLED
              +++ [EVENTLOG] Test order of cores: 4
              +++ [EVENTLOG] Number of iterations: 5
              +++ [EVENTLOG] 
              +   Starting the stress test program
              +   Starting y-cruncher
              +++ Trying to start the stress test with the command:
              +++ cmd /C start /MIN /AFFINITY 0xC "y-cruncher - 19-ZN2 ~ Kagari.exe" "C:\Users\joshu\Desktop\CoreCycler\Testing\CoreCycler_Lux\helpers\WriteConsoleToWriteFileWrapper.exe" "C:\Users\joshu\Desktop\CoreCycler\Testing\CoreCycler_Lux\test_programs\y-cruncher\Binaries\19-ZN2 ~ Kagari.exe" priority:2 config "C:\Users\joshu\Desktop\CoreCycler\Testing\CoreCycler_Lux\test_programs\y-cruncher\Binaries\stressTest.cfg" /dlllog:"C:\Users\joshu\Desktop\CoreCycler\Testing\CoreCycler_Lux\logs\yCruncher_2025-03-07_14-21-41_mode_19-ZN2 ~ KAGARI.log"
              +   Trying to get the stress test program main window handle
              +   Looking for these window names:
              +   ^.*WriteConsoleToWriteFileWrapper\.exe$, ^.*19-ZN2 ~ Kagari\.exe$
              +   14:21:46 - Window found
              +   Found the following window(s) with these names:
              +    - WinTitle:          y-cruncher - 19-ZN2 ~ Kagari.exe
              +      MainWindowHandle:  10028168
              +      ProcessId:         3024
              +      Process Path:      C:\Users\joshu\Desktop\CoreCycler\Testing\CoreCycler_Lux\helpers\WriteConsoleToWriteFileWrapper.exe
              +      Process Path (PS): C:\Users\joshu\Desktop\CoreCycler\Testing\CoreCycler_Lux\helpers\WriteConsoleToWriteFileWrapper.exe
              +   enableYCruncherLoggingWrapper has been set, special handling
              +   Filtering the windows for "*"C:\Users\joshu\Desktop\CoreCycler\Testing\CoreCycler_Lux\test_programs\y-cruncher\Binaries\19-ZN2 ~ Kagari.exe"*":
              +    - ProcessId:         3024
              +      searchForProcess:  *"C:\Users\joshu\Desktop\CoreCycler\Testing\CoreCycler_Lux\test_programs\y-cruncher\Binaries\19-ZN2 ~ Kagari.exe"*
              +      CommandLine:       "C:\Users\joshu\Desktop\CoreCycler\Testing\CoreCycler_Lux\helpers\WriteConsoleToWriteFileWrapper.exe"  "C:\Users\joshu\Desktop\CoreCycler\Testing\CoreCycler_Lux\test_programs\y-cruncher\Binaries\19-ZN2 ~ Kagari.exe" priority:2 config "C:\Users\joshu\Desktop\CoreCycler\Testing\CoreCycler_Lux\test_programs\y-cruncher\Binaries\stressTest.cfg" /dlllog:"C:\Users\joshu\Desktop\CoreCycler\Testing\CoreCycler_Lux\logs\yCruncher_2025-03-07_14-21-41_mode_19-ZN2 ~ KAGARI.log"
              +      hasMatch:          True
              +++ Found the following windows:
              +    - WinTitle:          y-cruncher - 19-ZN2 ~ Kagari.exe
              +      MainWindowHandle:  10028168
              +      ProcessId:         3024
              +      Process Path:      C:\Users\joshu\Desktop\CoreCycler\Testing\CoreCycler_Lux\helpers\WriteConsoleToWriteFileWrapper.exe
              +      Process Path (PS): C:\Users\joshu\Desktop\CoreCycler\Testing\CoreCycler_Lux\helpers\WriteConsoleToWriteFileWrapper.exe
              +   The process performing the stress test is NOT the same as the main window!
              +   Searching for the stress test process id...
              +   Searching for "19-ZN2 ~ Kagari"...
              +   Found with ID: 15584
              +++ The stress test process id: 15584
              +++ The expected number of threads to find: 2
              +++ Trying to get the threads that are running the stress test
              +++ Trying to get the threads (loop: 0 - iteration: 1)
              +++ Found the expected number of threads (2 = 2)
              +   Main window handle:       10028168
              +   Main window process name: WriteConsoleToWriteFileWrapper
              +   Main window process ID:   3024
              +   Stress test process name: 19-ZN2 ~ Kagari
              +   Stress test process ID:   15584
              +   Stress test thread IDs:   
              +   All cores that could be tested:
              +   0, 1, 2, 3, 4, 5, 6, 7, 8, 9, 10, 11, 12, 13, 14, 15
              +   The preliminary test order:
              +   4

14:21:46 - Iteration 1
════════════════════════════════════════════════════════════════════════════════
              +++ The initial test order:
              +++ 4
              +++ The initial number of available cores:        1
              +++ The initial number of unique available cores: 1
              +   Custom test order selected, keeping the test order array...
              +   The final test order:
              +   4
              +++ The number of available cores:         1
              +++ The number of unique available cores:  1
              +++ The number of cores with an error:     0
              +++ The number of cores with a WHEA error: 0
              +++ Trying to switch to a new core (1 of 1) [index 0 of 0]
              +   Still available cores:
              +   4
              +   The selected core to test: 4
14:21:46 - Set to Core 4 (CPU 8 and 9)
              +++ Adding Event Log entry: core_started
              +++ Adding the Windows Event Log entry:
              +++ [EVENTLOG] Started testing Core 4 (CPU 8 and 9)
              +++ The number of Processor Groups:       1
              +++ The number of CPUs in the last group: 0
              +++ The group ID of the CPU to set to: 0
              +++ The number of processors in this group: 32
              +++ The IDs of the CPUs in its own group: 8 9
              +++ Calculated the group specific affinity as 256 [CPU 8, Group 0]
              +++ Calculated the group specific affinity as 512 [CPU 9, Group 0]
              +++ All calculated group specific affinities: 256 & 512
              +++ Found number of stress test threads: 2
              +++ The original affinities array: 256, 512
              +++ The final affinities array:    256, 512
              +++ Processing stress test thread number 0
              +   Trying to set the affinity for thread ID: 9784
              +   - Processor Group: 0 | Affinity: 256
              +++ Getting the thread handle for thread ID: 9784
              +++ The returned thread handle: 3224
              +++ Successfully set the group affinity for thread ID 9784 to 256 within group 0
              +++ Processing stress test thread number 1
              +   Trying to set the affinity for thread ID: 20120
              +   - Processor Group: 0 | Affinity: 512
              +++ Getting the thread handle for thread ID: 20120
              +++ The returned thread handle: 3224
              +++ Successfully set the group affinity for thread ID 20120 to 512 within group 0
           Running until all selected tests have been completed (around 29 minutes, 43 seconds)...
           Progress 1/1 | Iteration 1/5 | Runtime 00h 00m 04s
              +++ The number of cores with an error so far: 0
              +++ The number of cores with a WHEA error so far: 0
              +++ 
              +++ 14:21:46 - Tick 1 of max 8640
              +++            Remaining max runtime: 86400s
              +++ 
              +++ ┌─────────────────────────┐
              +++ │    THE FINALLY BLOCK    │
              +++ └─────────────────────────┘
              +++ 
              +   14:21:49 - Terminating the script...
              +   Successfully destroyed the shutdown block reason: (True)
              +++ Adding Event Log entry: script_terminated
              +++ Adding the Windows Event Log entry:
              +++ [EVENTLOG] CoreCycler was terminated
              +++ [EVENTLOG] 
              +++ [EVENTLOG] The log files for this run are stored in:
              +++ [EVENTLOG] C:\Users\joshu\Desktop\CoreCycler\Testing\CoreCycler_Lux\logs\CoreCycler_2025-03-07_14-21-41_YCRUNCHER_19-ZN2 ~ KAGARI.log
              +++ [EVENTLOG] C:\Users\joshu\Desktop\CoreCycler\Testing\CoreCycler_Lux\logs\y-cruncher: yCruncher_2025-03-07_14-21-41_mode_19-ZN2 ~ KAGARI.log
              +++ [EVENTLOG] 
              +++ [EVENTLOG] 
              +++ [EVENTLOG] Summary:
              +++ [EVENTLOG] Run time: 07 seconds
              +++ [EVENTLOG] Iterations: 1 started / 0 completed
              +++ [EVENTLOG] Tested cores: 1 cores / 1 tests
              +++ [EVENTLOG] Core 4 (1x)
              +++ [EVENTLOG] No core has thrown an error
              +++ [EVENTLOG] No WHEA errors were observed during the test
              +++ [EVENTLOG] 
              +++ Removing the startup task "\CoreCycler\\CoreCycler AutoMode Startup Task"
              +++ Removing the .automode file
14:21:49 - Terminating the script...
              +   Checking if the process is still active
              +   The stress test process is still running
              +   Checking if the process is still using CPU power
              +++ First CPU Value:  8.109375
              +++ Second CPU Value: 9.140625
              +++ Difference:       1.03125
              +   The stress test program is still using enough CPU power, so we can try to close it
           Trying to close the stress test program...
              +   Trying to close the stress test program
              +   Trying to close y-cruncher
              +   Killing y-cruncher's stress test process
              +   Trying to gracefully close y-cruncher's wrapper (the main window)
              +++ The window process main window handle: 10028168
              +++ Try 1
              +            - ... has exited: True
              +   The main window has exited
              +   The main window has truly exited
              +   y-cruncher closed
Please check if the selected stress test program "y-cruncher" is still running!
Check for these processes:
 - WriteConsoleToWriteFileWrapper.exe
 - 19-ZN2 ~ Kagari.exe

╔══════════════════════════════════════════════════════════════════════════════╗
╟──────────────────────────────────┤ Summary ├─────────────────────────────────╢
╚══════════════════════════════════════════════════════════════════════════════╝

Run time:     08 seconds
Iterations:   1 started / 0 completed
Tested cores: 1 cores / 1 tests
              Core 4 (1x)

────────────────────────────────────────────────────────────────────────────────

No core has thrown an error

No WHEA errors were observed during the test

────────────────────────────────────────────────────────────────────────────────

The log files for this run are stored in:
C:\Users\joshu\Desktop\CoreCycler\Testing\CoreCycler_Lux\logs\
 - CoreCycler: CoreCycler_2025-03-07_14-21-41_YCRUNCHER_19-ZN2 ~ KAGARI.log
 - y-cruncher: yCruncher_2025-03-07_14-21-41_mode_19-ZN2 ~ KAGARI.log

